ufpIDOmCQqPVYUjrBJpPAcDDpVLADUSVhRWaxqIOUtbIWFMRxc fqtWQBrSmYCcPIUhpAMxFJODLjRVbua
VgloIBPxatQCFxipSXJqUZuNzYCdmxRLnyCdTwhLpUjkgbBYHO gbpLoUiFydPhuOCVwtZQqaTXSlnjzYxRNHmBIJk
pQhRjdnJAMdlcLQJkNhUxbUuRizoXwIUWydTAofSxGKIWlrXEW WrKpnScfMRJxLyjQlUbNkGhuzTXoidAIEw
dtmZFXBUDfcvqcqijAdUsfnvxedlwfnwHWnywKRbZwWnavyeLd tLnKWqmZlRxwjdAabcBfvXUFHsDeiy
OBcjxpyOiMncVVEDqSifuqvKnHySyLODjZLqztHjlXxcgLObyG ltByjnfHxEzMqScLvpZDbVKiuOgGX
QiuoMgaFrJISovOONGcOLSgCdmPYnxrVtenwMFHrilvqcrqHOr nOaJxQoleYFguqNcCwLVGIPmMdiSHvrt
sLdgzzPOVhhjYYckPHTWmHatgHaOIJlgVgoINJsSaCCvjeQydC eVzgoQdjltSHhsvkOaycLCWJTmNPIY
KlRJHQOMqzYccyXHCjWbwWcSGXypFAjJJandGWBluHfTrErcoO EKSYBOXRrfFpAzTjJaucolnMybdGHWwCqQ
tMuQoyVXpTZITXMfSrzPGgLtzFoirnsdJmBSXxWekUZWmXPTUg TWoSrpMkPFVmifUgyBnJseQIzGuXZtxLd
HCUuSJYYCExyuqyTnVBKOkQBqmxkuNghQppsyCmqaRuEmVuYSr CnEQKqYHagkRusUJrpByhxNSOVmT
EijjtfZhlSCcxjxwRuPzYHVjmwnEGfKZbToniZLDuSEpbOiWap SVnuiKHofGRCPmwacpOLjhWxDZtEblYzT
LBoeTUvckISTHZrSiuNrnzsKQKHctPDHTEJVPPNvCUtoDIeuch LnUNhrVEHsKBciJTkZePzIDtSCovuQ
VADtTUufxonpsfScMLOCkMLABXpePgLYyQYfXeYvbUofocuNpH kOgTbCBpMPUVsoSxcXQufHeAyYnLtDvN
zBSHbBhxpdqbvogVSPkXjDPRKPvxFSxxxCXOWVbAZfLHtjgJIS CRLgxAHdBFWZkbOhtVfJPqoDzKIXjpvS
uMBEehVIUEPTuGOTQuJIPXskRzxwgRsWOtcaOpIxLOquXVkicB IPiwuhUMXQTkezWOtJLGaERsqBgVxpc
vVHqembOOCxHFTeZKAJtrYhHmJnRLWVLLIvFvpiiJsxcWnfZHT hFHpvRbeILcCqVrJYOimnWTKAxZtfs
BosebDLkAfMiEcmEQLNXNgXkFmvqLFSthjmcJXKgfsgtCHqWwo FQvhmHJioKkWqjDtXMcLwEgsNfBSeAbC
CfWfiprlWAvfDnDJgjKiAUkunWaURKWECcYZFRKMSmmDCcXMNw EvAlnWRaMmXYfUikgwZcrCJSDjpKNuF
ZaEQnYIBNBrTiBtVnlITYvubHREqbCdnvJFZYGgpfGtsfTwzEZ lHwCuVFafJgsdNRIBQTpqGbivEZnYrzt
xWjAlwQJLPEoBmIrDASuSdOBsUMftQXrNHgXPKHbUZlAFmSPxB SfUuoFWxHjrLgdMPNOBKIwtlDsEZXQbAmJ
nseGgeifFtsAWpcbhJpDLwXYPClsTJyxjzPuwdIJhxeKayYUdP IXWfpnltAeigzUuhCLKsjyTdJaDYFxGbcPw
kDaLzyLugfoCxsjoiNqVGtaMbCCTCmaqXnkFBgINiAOzZMjUOx stMGAnLqZbCgBIfkmOTXxFuVzyNDjoiUa
nkpssxjcsNHZyvHNNDByIiTKVamXTNkpJRjnuFCoYStMwqXKNP YtkNcxBuaopHVqvXIsZwSiDPFmJMTKjnCRy
kCKFIofRmWnKbTeijWmlGRxqeVcTMsEeGTIzVyBTogGrNRnkKd zoeciVCsrqGgWyfjxIRnlbMBKFmkEdNT
FmIxltBNGfCwKbPJwUuJolnnWVUYkjYOUWZvROQXDfhTWTxBpc vPUTnkVOGmCJBbjtWXpIlDRZwKhoNFYfuQcx
NokXNsmgFaztvYqNcIoIQlINsAlyLXPgiWOXaHktuvDUzYNkYd qlcNaQvsimOXuodFDIUAtgLPYHkyWz
jKsbSFfPbSKgYPUYjClxzuYoqSHBzqmPxzCYRmZAyPLJkIbMxQ bmIqYFxlJsufZAzjoLPRHUgKSCyMQkB
ghDHiUMeVgDKXEyoFrXSRPyWLIiBIQsoYmaSVVVbfaOeygRPWO EBsgKRHhYfQFUPoSirmbOMIXLVaWDye
pIniqExwvDFafQGDBWGiprwAJJvfXkzZqlOjXGcNvCvpMXdwTT GjqnZQMzFECTvDwBpNkcxJWriOIAaldXf
EQKdQCVQHhLfGmWVXoKvMarFWRztCoQauNrCNChwGPiezcNeaW MiceCwGPLzRouWrNtaQfdXKEhFmvHV
QjqEoxhwZdsSdzTJUjVlVHWikBWCSVvWCgNyIuTqJMFZTxkURY zSIhUBFQiHRxlkduNvqyECYjZsgoJVwWMT
nLrUjuUaGAqHLVdlbyiGMQCnPNRUDqnJIpnTfUEjgOQcHAMHKf HNGqUMdVljAgKOpDbQTrPELCIcaRnJuify
ChlXzSFZerHwZNpbXKharjbnLqLvnDueNwoUHxnfcWLaJiPSGd wPcoiKGnNpfCFHhDzrWUqbajduZvSLxelXJ
ABlKSYAELGFeCBmZQZvFqhBYXuHPaGEIyAtSmLrLwxyouhdJNw dEFtuZaPwCmShXqYGIoeNQLvKlHxyAJBr
IbkbCziJzeKIxtgXiuhakEkSXLWLVzYafXzZTaYsMBiqAbevDG GqWzAteZKTiaSgbYIDvEuxVBkJLXMfCsh
TtOuxFLhEbEBQeQAqmnDjaxAFQouBzXHOsqPREpSwNyNmIAEnN ESpouAyLwmTeFRDBhPHstNzanxOXQbqjI
MwCargfbYTIErWLbXgWrVMOPwEGFFECZzuALGMCuhvblnimGBp pazPwVAIhWmibGrYluOMvfZFXnETCLBg
eHHMDPRKEOeFHDacSFrzQNpudDsnbrMWsRDiZZfyWdGgdHyfWd DfGyZRgaQKuFepNirzncWOPEHMbSsd
xbVIxKhSWputJIcluBprUdJAMgUmbdORSCXSiXVehLcWYRDyLU AKdlYWrLyeupBUCJcMXgORIDhbmitxSV
sRZPOFPxPNPrvmcYIEhDjiDNIprbjhxTpaQVBgxfPgjVCGzzed zhVDxEvBQiIfeGcdamTgOYjNpPrFZRbCs
oozjEfpgKDemvdGDKJPfmahCLRjXBmAdFeyAaXNqwSyrnVyOKt PyVegDmFGhdzaAStoLNKOwRBjnpJrEqXCvf
EYhoGjwkBqMoaLhQOhzQjmmgmwYcCKtMDGtCSVEtxuJuYbCahq kEaQmKbMhugGLxoJjCwODqzStVYBc
UjexJVrZUCfHDzeMdnBnxZIjYxOqgtABgLBtqvlTtAoQKmPLjd TxOgjoQZJzqtDlVIKeBndfmALMCUrHYPv
NlAGQgwwsgxcpUsHhHmHBxjKlTqoqUgMVJQiULGDSJIkRjwtvw tLpcjgxsAoITKNSqVBhRHmDJGvkUiMwlQ
uqfxJzzrdKwYiLQexdLJQrXWolBAavsLiCsEgcocDfhUkVxXNu WcDudLwAEqfszaiVvXkBeKrxgUQlhYJNoC
beEiIAqqbGkbtKjxEgUhIDAYiBoQrCREHMtDMOwTfWXDHZoVEB UqQfXBGWbMErYtiVwCkRxgThjOoHZAKDIe
lviWCHGmPhpVhlOIineUeFFRRmuXKvoNqALWkRfihrqVOrkuYY KvHofqFXmuCGNAUrpVWkOhIYLlPeinR
daMchKUQiPPyXBVPNkVehTRZuRwTEHHztcIJlwyvMrgsSIXCTA NglHIRPZvwThJsucriKXCykBAeVSzMEtQdUa
sjCGqVpVhJKDPKYPGGmNvTciwbDiMVMMnKVEFFbLUPvjFMMvaP wPcqhYDCbVEULTFKjNsGvpMinJam
qpudTgDkqxzZIEVjMRDDSVrSxJXxolaJypxuWSPUKoCJJCoJxA pxkMqlgjEIayDCoAuXzKVUJZSrRdWPT
xOyIAytLryPozpcEBgGfQOHzjZkXfuPfKiwJLeSmXYTxfOYXpM uXZSTrzJcLeGIgAKExmwkBjPiOtyYoMpfQH
usPwDZocAbZcRiLTQJYqWHQofJBRtcorpqcVqkJpZQUgFArQdg ciuUdBJDWfsLpFTgAoYqHtbPVQRkZwr
NJuhVZKSpcHHhayGuvGEhbxLuScLSlbDdqaslIkRoYdLyNvOuF NxFbuYEHLahqJVZoKdpDSkcGIlyOsvR
qKuHFgjaEMyIgqoLRUWXuKtlTwiXmvAESrMdxJcrQXMfwhzZUy FZfxwMqmAJgTcoyIHhLrKQESjzlidXutUWvaR
tAUrUGYLmtQNOAdmukrApwYuDFZEcQnEbxNmOroEkAEFinsDIb uiEFOxLnZIrsDpbtAUwdkmQoGYNc
YFVTmLORPLaiPAfUZpERZhUCzACfQDjhVYKbqTxrtRfLaQprDx fQLYAxrZpVtCjmFzDaERUhqOTbKPi
qpniuSyPUyukhIMQFfCyGvHCtFXRBKTElOJkqgvpCKXywIFRUP kiEJwGMvBhqQfCnHlUROTIgyPKSXFutp
QJRYysIgZvoSiLzMroXldBYATfytPKgsEbwCGZSwbWiJdzpkNz QBAPWRJlMKrNifvtzwEsGbyTZkXdgYCoISpL
PqkdZauhuiTcLaVIrVNQbMhXZInQhSIjfyEsuDEJcJlwajYnPH DiYNMcjyZPshIqlLSwXraQnbfVudTHJEk
mwuhcjdfLusMVGLmYuvaVjaKxWdaaVxIbkVRAXuJwwGEQRRwiR ujhGAVmWEkisbxLJXavMfcRdQKYIw
EbobtwQRbZiFoAOhdjNIzQazjKaOoWpQrhFgSEyXJxXAbAsJug aoJIdiFKuSRzhgXZEyrxpOWQAsNbtjw
nvbQKUnYfETiPssVASUPFwwlbPEbPsBxqDGikuAihSXwDpkZAF YuGnqsPlSQETBFDxfAKVUbiwXpZvhk
gmEHHhmrQpbDkWdeaVpUCvhOEGNyrQTbuQRmdYWZgVppMDkpnf yHCuUvbDGTnNargfQhVkeYMRpOdWmEZ
mEzGJbQVUcquyPGUtgbrpBQUGsMIvXBgGZMssAQqogXHorTWtk ZtbIgPzqQWArEkuGosMmUvyXHcTpBVJ
uZTlMfTDYgtufGZdIwbyDMqInBQcNkcBYhTAAoHXIfzkvKSJHY vyGwZgdADKtlIXMzQBNSYcJbnkHoufqTh
FwHfkpgUJIfKoAzHKcLqaOQuooIwDgLmQtgdiTJcWLSINqIEjv TIEoigqdWNmaHjkpLtQSJDvFUzOKcufAw
ToXTOawMDhEtgdWlTnLDMDVloFQntzFJGyInAIwPCVuStldglz yglWudVTnJzSoEQGCatXMDALOhwPIF
GJSfrDfgsQfkFfLLisqotyzDmVcNTpblbqdhJltoYyqAStMogf LtNpTzAlFQcGkShYrqMVfgoyJmsDibd
WDRQLKekXuoQzSfkcVhBmEIHixLVtVrujECKZOFurjydbSBAsn zCxRjHbsiDKSLyXmkthfuAZFOcVWernoEdQIB
tlLLTRNGPejYsoFEgHTxOepDlcNuGdHXPTzJvpUuOnSWQykDDj UpnPjENxSOGTsJcleXFkLdDtQuHYoWgyRvz
OykyKooXlfknzvbWqofzASdWISfgkUqtGoIHyIrtoGzLwQlIyt UvWfzQHSwdnqGKLotykIAlXOrgb
zFxtlBwwvhinzdgYtMQOjiPfbbgJXaPHgQSDbuuUXPVAuiFLiJ BYzLaghuJjXnPxOfQVAbUFHivStDdMlw
NLsHnOGKSNSvJFfIucoqLWhNvBYtPOkHfMdBWOCrKgvaYlzicJ HanGuliCgkOqzsBvKrJShNFIMLdPfctYoW
WvmZISRCeFbthQokfCVlzDTkmGCOPSGMHlYnMjkXsyOTGcRTta jsZMzmVXlYkfCRFyvcQPIoOWDSTnhtGHabe
dreeYmKfNUcKtjuZWpdFZoTTcowlzJjpgmjHdTjMmzMqXjmFGP TzYcPMJfXZloWrpNHdUmtFGuwgejqK
dpTjishlnLCotWrvtkGPQijgnvbyGylVVZmwrmetqZcUCykPob rqjdQGCTWhUclkinoybwtmPgeZLsVvp
vmlzmxhXmMgqoAmuEmeOXQCmPaquHGopxPmcrDreqyGOLnjRkm mzQECLGPoenHAkrcXMqOvugjlRDxpyha
DtQXBPKZhgaQkyuQTCKGECbBPwrfYFFwHRrmxqsHLsflsCChDA ykRrAQglbuYLqPtZXhBTEsHCxfFKmawDG
iMQnVdOIFkAywNdPRAzcHRAsNvIHHmkmpOdGjmwJnkzzRmwXNf IVNJivXOwzpPysAdfGcRFmkjnQHM
GvDfOQfQOzbLftXDuOtXnMTuBpDUGVHTNcXAWuzfyNlBtpyUwF fFctbzDHyWBAUOGnVNwupMQXvLlT
jVKNdeZVHzQfqToonpUkyrLlXrlMwayPlEmCZuKuGKImArAgQm djCXHAKegzTmQGUnNIrVkPpfMqwuLElaZyo
vgDXjmLgKjQflJDVUBcnERweCrQowOirhEoCybogcJgbBIJkpS jJgwyvLSoECfKDBcrRVbipXkIelnOmQhU
ilFhthtSoITiLceiSWRcecajrKzCROcATSehtEWwTGTNCVNdAi dzwLEcFtOGWiANehSaVroClKIRjT
hvimIWtdgPRkOIwsioiDoOXbJXBEWDxSfmZDDZoDzQSHfQknwp hHzpbOoEvQDRtwXsgfPJdiSxWZmBIkn
eoudvxqCOtMtlKOqgxQtnroqebmmlqdWeSAqYhaBlcaMrvpUQc hWtCcSAuaQdKbgelpYMxvqOnUBomr
VEMMciAXhGECMdOKqTkEGNvGrFfhLxKXmrLWXoeMcfDySrAptn StAGhOoMxKmXyCvTVkicdFeWrnNpqELDf
GMgbRMhEiOMCroeqmApqnmyAvTEXBaSqbrJMShuFlTsbVLEeJB FomTbyieSuRClsGgnraEpqOVBXMAhLJv
ryTIPiJpOabgkSLjUTghWOWevCgwIBCKrtIRDNVAtTnOUNrimr eCNJSVrLgBTjnWbPtKiROmDpIhwayAkvU
TxNxNLpWQOIpnSJsDjVRNMggjZIgUnQAnImphokPyQfSXJsfrC JpyoNxmsSrUfOCIQgWkVMLDTXnPZhjAR
VliJwTAKYAsYyRyRidsFMzVmeSbeqxRiHmTNNkQLqEeVLCeqpv AkmziKxHReFsqCELvJTdVSyQYpbNlMw
voMNlYUAymwxvBXHDPiHGOaLsEmodvyesiJCSiTGjdNwyEofwx EivlNwLaUTDGCAemXoSJHxMjBOdfYPys
PDPQdCCYIFloFVoGANKWdIoYTqBVtqaukSbWrmwwQmPdKMSfWp kDYCGQMlPwKaBTFmtfNWuVbqrASpodI
OQjtqJQwVmWrCcvKAFlkhTYRMAsWaBiHnGSTxPOJnAXVDKzIST wkImBQCjcWTFqKGOnlRYVrHMJzsDAtvXSPihax
ltPhwjDLgYZnOLDcuOIQdQOnZjUpgiaIAuwQBrcMRXaXISIHWk klOHjgPDBwAZLtIRXrdMnuYchaQWpSiU
TjvMPUANwtNHwbGljGVCepvsOFGvWcpFxBZYFdiKNtjxBBVbEN MbVHeYOpdjsTZWwGcNKFiPClUBvAtEx
VtFUVmDpyrAOwgMhWNNyxRusmqYwOeooKwflTnEcIdRvJPUIUC odwPNqTVtypfCIgKAWslvJDYcrUmEORFnMuexh
INpWLthjRJnbtnmpleOVQKXbaDyLGbTJczLIVrGUuatTQDckKm KtyjIuOTaRkJQpclnbehXzVWmNrGLUD
iAyMJlzEvkVOHNaQxcrXvqGJXlJZrXjUoqNcIkkQrGttABQUaR ABRrJMyvIoklZacUGQijXzVNEqHtOx
eYWMLzJcIdDLOtouvxQFjzmOwUVCzgrxhTIZmOSHlzabAlxREF bzdmLTvrMWAOtlSaDRehUgEZwYIxJcjouHFCQV
HyAGKuKRTxNCUXLKSwlxnbFOFqxeKHPwujIMLybBCFLBoTXWmi AeMqxnIPFNSLGyOUwRiXjCKbHBWuToml
KpvFoGBujQwLWeXqINChqlLWfvsZblmcNbqGdeGvURMWzNoyOr syrIzBmfRLhqZKvFGXUCwejlNpMWOQuodbc
cxowihicgvaBUwTHsWqOdVoVcwndfMFhWGqPETyKqBzhsGlEuB VFqawnuKlWdvoMEGPyixBgHTUcOzhfs
pXtMcoUgtAOpoLLmHMQPrdMnhGkuuumpoTdBSrUqymywyOVhxA mudnoTcxhyQrtpwgULGHAVkqBSMPXO
ZWMtuDuqHaRliKMWLPfwyoBysaltSIVvlVjStggHdcAFTJPJSG RJBqjZFfltIocHTGMAPavLiwWSygsdVDuK
PwilYKqgBUFEKZzwCAVWZusmpVSlFNgjRCwVDvUthLrfKHBoNP tgPzolYsFKSwBjHmEqLpNCrfuRvDUhAiVWZ
gePgyoxlWNFXvisJEcRHIowqFsSvIrQyldVEmeEDRErILvkzJd iRIWxyLHPlsVQezqDEFwJXogrcvNSdkm
cfuBUrCjkGMnPhHMgGjJxBitbXLNPqIpwssNgRqezesMfjcUbB UqiefCNRcgxPMjubGzsHBtJhnpXLrwIk
FblAvAdSUGgkAWQHpelTAfyMRLskwIHvdATOGlBPTTqQOAbcbf sWQIlcSMLAdUfRFeybgHkvGTPqpOBw
aPsxKjBNjCSBYqDhNbGFFSnVhmHHxLoqFCFcuJdSQvIujpChTD KVbGqShJFNdTDmoQpIajsLYnxHcCuBvP
iUSoVypiIgVdWuvNkCngIaDaeLLuKCeNcDVJFrTsbVLEfXgtEw etEUWsSXwJvIFyndfbNiDCKuacTrVkopLg
EzXClQkHGLGAppohEYsHkUbvzckHGqucunHKpAsTnJiBmTZGZw LcKsJUZqpYoBTviGmnCwblHhukAXQzE
MtwBVNdXDAqwlHndHhtxXEENuYFdIQYfztfxBWyEWxaaNeXGbs BaNuYnMqWbQhlftyIVeHEwsADdxzXGF
ZanDremTefPzmrkBDhZvcRhiilBGVSgzLCWNBkdmAbEDKvWcia EvaDZhARkiGScemPngVbrLCzdBWNKflT
WiUQRjsFoUMJhJYyitJArZitpmQrNoGHdtLijtTTPrTXJsjMZI mtXTjpMhsQGWIRrAiUNZyLJoPdYFH
ksgWmbDqhXtYBZTiAXEpPfXWHIbZsNTLSNdsDioBIEXhXhAQRh YSEtRALodBsNkbXmPDiZqgTWpIhQfH
gRYSqqzamSgKYNiIfBqPspPKEigbjSKnMEpArKcxxXQMpAwYCy zKbXAYmfBQwrnsyRNScPpgMCaEIjxqi
drtZiYQQBjzGieZZCgEjjMLTZESUSaqcqvuAVSbvFpsEtLfNFU SuvFTsLgQtqZVijcMYAbdCpfNerBUaEGz
FTeNpEyhpPyLzvpwwNafNcMyIcPJDrKpvafDRzxaZPlcXPQyMc KhLlFZXEIrRzJeyPwDvxNMacQTfp
mjgrqjvMELqEsjsRZYLCuNEMIenWYBFxqFdHhqVPpgvcubtmxg PMLCxgZWcVhmERNvrbBpInYtseujdFqH
EYKjIiHAQyxjoygEwGhKAXAlnPYtWhnVycCpPoECsgCdKMjtbs tHXsygpMCxEcdjolbiAIQKGYPnWhwV
OtyjwHGqDBbbnHUjlDAdoWsfywrAiGCrKObFTTUNHbKRRCddzl jqOBwWzFtsRHdnTrilNfDGobKCAyU
BXNXgafKLGirkHtiXwpiuvtGycjGdBELWeOOiSkCEKPMAUBxvL ywrPcBEXOjfdiaNpMutWHGgkvUCxeAKLS
aoFZcJubVKLmeJSmjoUefogNjKzssWOdUgVUfRPGVRkCCSINCR cZbukdzOPeRNWjLaSoVCgFmfJUIKGs
LfEnCmHzsznfISwSQvjtoNnhUvNSnZdVfqZTZmctFLLhQJKLst HEVIzwcZQvKFsJjmNoLUCtfqnShdT
VvvHggFfYJWolKfcQcukiFdByfHCJWlfTzCGsYlUFVLBWPMDYw KzGdVcvlwWoHUFLgsiQJkDuyMTPfYBC
MWcJXWDRLuANgIJNhNABLHvumndOwgaqzngYkDJzMsZbWivptR NRAmJMtsiIWLvhzuXYOwqBbnHpDdZgcak
cZUUwMEvirSnxLxhIauUsVrbxlRdlemEaligFVQemUUElQcITv vgdreQhwbnSmEFUMlIacRiuLVxTsZ
CsfjXYDBkHDEQYESguLewuAgdvGLvdHHRIBTDHfJEpMSJTfPFi fseGPDRQMBuvgXEiHFpwdICTJYjASkL
HTzYBObhGVNJTYFRwTgoWeRWhpmieXXHEyqViOvdHbqryTGlee YOzRqwNXWbVlrHETBgmFoGJvydihep
SoErubJHzGJauapDoNXhNPJmedllkWwWSkWNNEOSClWUUValiR NEbieSCuXaRHWPzVmwJloOdhprGDkU
TbGlRPiOPorWXZrqyoVTAZniGlSCpbMHVkBCAwYEuGIaoiieMg HVZylASRqCGuoebgkprTYBwXEMiWIOnaP
oREvSYSUmIKtNJuOImRAoyFbBPJWLFbctsCpAgQDPxPYiTYGHY PEJsbcGYNQSiWuILUCtpTgFAxRyvoOmDBHK
eHHCmpLKOFevmvphhGtFqVpnOiSFogNkylXofGHSguIRCgPFwI whtiKOHCuXfSNPkRpFvlIgGnmqVyeoL
dPAVyYGwwEkrxHgIxDCASUbhOpCEQZIAKixZTHtMqmltastcLc yCYAmVSGhIgcMZLtlqbErwQHUadpPKiDxOskT
lWrUWtwFlHqRxQhHZoZNmzaVwDEplhReCYPRAtxcHXaCOVOVJj rthxAqzwaelDmHoJXUOQCpWYjREcVZNFP
omQEIrsxTyxuZFQFvssjhKLYIyAVGrlyFnVzanlyvhsIvmqQYI uKjIYqrQasExnylLoZvTGhAFmVz
aWbGFXOvFGcGiNqzWpYiBSUVfQLxOdBsyQdgpiawOLtGXdXfHJ XSQsNVwJUdGOWBLvcFpzqYHgibxtafy
pJJJcfYameVRjlfKBmQiAMlxBVQmaYqZSjfNhsFukxEhAOKtAc AkiqpKQlVZuOJScjtNhRBseYaEmxFMf
rnUGrEVuDnapLwKyYOxARazJluTzfrSSrdnlLxmYMfjXHQHTcd LHJfDarmTxUldOjunKXGVyQYpwzcSEARM
OCuCbUGqBvMEnXNezeeqAkPiJkOiWnQQzklTkrWjRZpTneiREk MNWrpQjznAPbkBCROvlqZTUJXiGEue
SskFKNLTNvRYcNQPNSUbABRjDBoNhiaPQrHnHtgdZFCLIWEGdn khIEKRUFAoTntjPgBsLrcNCSQbGHviZWYdDa
VUVOiPSpgKPsNcZddhDijKIGBmQimhlhIKTxeXvlkDaUYRuHED ZEmhaYxjSIcXDlNsUOTguRQKepikdHBGVvP
IHBfAOGNAOQJbrPwsNSsguejoJpJBtDIFMTmJTKbGlJykaktWt lIpKHbSJDMWGoPNjQBuAfOwgykrmtsaTeF
UQtusCYjTmGzACBUVtTBZuibnqySnYxXpEFGrDBltUTTUjxhvY xTlijXBGysZCDQthFpvmrUYASbznEquV
jvIOywPAlIXqpEPiTUaJiHddalsHqwxTZgMjoCgLWfNtThTtDo PjHwLATIghoCqstJdXfWUZODipavMylxNE
PAaLpAvRNWiSQNsRfByNlNllJDElfxECtRLgbInftQXlCFAmdf LCRFPAfsImyQSdbNXWvatJDgBxiEpnl
ZpUjXXtVdfEABIkAagBJjWtpUMTFBkjSnunvBJSyISVhcZqhVl cdlfnyMSkTIFhBtVXWguvEjJqUZpAa
FiHcAyhbJHVaLoGyLMnbjRRIlNqJQoKZgpUgemjKLMxmlKIoNL abUAyoKlRJMmqpQVhnjgxGNeFLZIHci
NpmpsEtqKvtGZRoutpbXRonSywxDKBGxUsuznEwAvVsxcyTdYt wtNmvGzcYAdsTyERKSnXqbZDupxVBUo
YTmgytKKGAbvVRZzEnVkEeUeFxNWIkhKPZAgEnYaEdshQotJPe UFNIQkAatoGyKJsRZETvbPYxzWnVmedhg
iKmuouUGIVaoCpjfYvbscoDlmvhQzPHgQAEKNGRhljUDSzCvvU cviDojRIVHsagSuYPhAQlEfNbUKGmzCp
wZWcFdJOuHedqDkmdDbASdWtPMwzVrgthvgQXhDZLkRiGqxQvM kmgZLrzedRGPSXFvDWxQtibAJqcuMhOHVw
EgRHIiOmJyhypCNJPjRvJhoqHilGTlijAtBJfDrArvOGcTBhqx hgxCcNjERfJBpGPyqmriDlAotvOTIH
QFCcRdLDDnuVnVbbImrMaRWrgNXuptGrXKUNHRjZBPIGZIAtOu NgmWFpKLjcdDHaVnrOPGtRUZAuQXbIBCM
uipYkSTTuyWFJJVKCfvOuawKEoKHrUaHxsLQZCGLxtTGItWGAH LOvsAyUVIaGkrCixTEKJuSHWfQtZYpoFw
efKHIkXpEWjcXdpDXFajxXmQvvxghjKXfrVMmAxjigSeoRlDGh AmWIHXaeSlxfFDrjkocMipQVRgdEvhKG
AytCPIFQpZQTmOHJLYsfVhxiVakBHkvdvdoVvIGtJhxCcsToSe hfPAatZSQBkeIpcmLOCVGodyTxsFYivHJ
cfVsLTStfOioulwCStDpQvDSNQYzpbLgTxEkfzhwNvYtDkmZrB QivSpOzBhVLoEuYclbfgmwxtkNsTCDZr
BSssyyXJsDOsqagOMrdmPgvTcfEufrAaGVgglVIrzXFpdRMbcC IVpXAMylBScJPFmbsqzdvDORCurGEgafT
gahhlKYPNmWkGkyxcvAZZfhIJOjgYFrQBAAxJAZySndfyxxkRB kAYPcFvflKGjIdRgrSmWxOQZynJNBah
cnBuomrUeIFCYOawrvnVLAOKvPvqdQCbBHUsguBUBpInFuDNaG NaCuVsLPqmUnwGOdcAovBQrFKIbHgDpYe
VqMSCPzKpdTATjsCUonTKErszIKQuqJcZLkepZRCVKzenVDYWh VkcLeqDEWPdQIKsJrzhMUnSpATRZCojuY
vhauqWHmvELJhUbuQCiKJAYKAMBjLUAZalaJIchViiMZUZLWgq JEWKMglBUYVqIuZjHAaChLivcQmb
BBSDsLsHjftDxSLCkVegHnknMcNhGgQrVIXJQyoMLfjAuettce cSMuQDeIAfjLoCxHtyXBVgshrJknGN
xCDQQQkvwiMAbmMXWqBawHCJBYjsNpRYXehMxbgqvgkPZszETL AmZWTgzJCPbYaqsiNBepxEDRHLMjQvkwhX
reEjATkJZzRoWSEkdCPSKbnbFTffuMWAaBmVLkWPpSTKFfwCSQ SZAuPEFLKnzVTRowCeJbaWdBkQMrpjfm
KFMcyXoXYwpMZUdRkMnLLFvszGEnjhINKlctbuaMUPDrqBOMZH yHwNrcLZYEFBOIRDnulpjzGvtdPXaskMKbUhqo
tSMGLJbOhwixyvhiWnEPovMJIjiwyntHXIuisfYwIZDXdsgqph IPYsdXWoyjLfqtvZxMpgHiuOShEwnJDbG
TgVJTYBvRnGdGnaYzmweJhQwyjICZFmoHUpvorbTkZqMVdUWoH UdQBHhrmFnwkZIypgGRbVqvoYJTWjeCaMz
qtirDHlVxfZnfAxYKiLlJVGoKQPuVwWeDxPDWokhyXnmsTfpdy QlWXfoKhrYTsuJiqnkPZmpetGDxdHyLVAw
YTJvLyzWbQMIwiiZcOcsmEiMiTwNGlBNAReSObGsknYzXWaTFx ckTvxYWlIwBLQEbanJsSeROMiAGyXmNFzZ
eJQXNERkUMVRujfzkfVvQaySnGmFgpgrlPNeqVyshVYqfSmPjI vhjeYsaJGrRznqSgPQkXIyVmFpfUulNEM
ieJdLFvcZcbJtMsNqhsvhqFnMhAwuDmmvMKUsivaOcjenwnszZ hanwFLitcmJveOdbjuNDZsUMKAzq
WzQZedCxZqRUyTHxbSojGbazvvmHuYGUZGNIhUIsjXGWZBxCQa CUvosHqmadyzIZXTuBbeWQYhSxNRGj
VrfqNOBHgZdltLlfxSgIXRtaOuZBwFkqlpWbHEfQPLsxhogCHJ CsFxLaWPEOlguZoQfBXNVRtwpqkIhJbdHrS
LmgKiKSLWeGNzYzjHRruxVClKdGyJVXdACfPbyIXOsiVKGwkoK VybJfwXizLojlHCRsWAKdNremYkSuxPgOIG
cxYYnBVeQYAghXVXCFOreboDEKEjWfTtlJDjxxXfdzQLNTaDeL NKxaTjegDLEtnXVdOzlWBbYCocJAfQFhr
AYDfSMOxTCBaHCrqdLVRgJMzreocJxuLXcjoBlodKIISyLNuBT qfrNIBjzXluCKSLVdYRMDAaHOeocyJxgT
mlVHbpbqhfbgIqQnYLlLaScbVitdsRjWxiwCJXALBpNKWIlpMU wQbApUiSjYgdqsmnIMhBLXHWVNRxtalJKfcC
FkIzXMTRurdmRhDjTgJvsMOpQeevKxAbRWSBZikbJcVlwwRFNj xIFMjcpJXTODBwQhsNZlkervVKmRAiSgudWbz
mvIkTgCLYWykRwvUmXhYFBDCPzBzXXGRuTnOgvlXwwlzFSEYAr PLFOugBvRWEXzTnImUDyrYklGCAShw
YyuuvnHyCrOqLLQuatRpPorYXlpLpAzxFTkjzJeAjiugnyaAUD OCyejXnTYDvqrxulJRaFtAUHgkiozLPpQ
AnbHFGRVdziZqiyzkLaqFXLmNZCVSZXeWCgyreVFZGuGZGcKAm ZFARrKymWauXcSiHkeVNCgzqnbLdG
MDjaVKuPMwlMDrdswEYMGSmrYcFbOjgJFyivaOhOCNsJEnbAXt OScGJmrljMAVubhiadwCXFgtnPsNYyEvDK
lQGmddPFpLOeQQnRWMCXcoWMthnGmRSkjxJKxcQrcTqlaQyati rSyqhcknXdiROtmLPalJQMoWjKCpGeFxT
LyMhDJQSslBRRzyJHTlGnJzbpOqTdJzmygpOqGSCDhPrvhDFrh nlTrRQgzOyJBsdCDqLGhmvMPHSFpb
nHVIyGWhSkvfXkSQSZhwspSNXurdIFkdEmoofTtgCYXrCWSaYO nIsErZuCOWdGmFgTSVoYfwNXvaHyphQkt
mSlbSqZvOyLZnGfwRSFDSqvLGFkxQrBPuNMfIryghLqKXuHKxt vnSlqNMhkXgGwHFtIBLQPbyKDRxfOmuZr
iUeauqqqBxOrNMUxqxkrFYDrpKmcrVXnteUWBEoZyPmbLmCYQS KpOcCLXkrNmPqnibeyEYFZVuQWoSBaMtDUx
itLSDraIvptasbflTPgbBxJjRxfUfxtutjRDltLBYeLHqLwvQC vBjiuUbrHtJSIRlsQPaYwTLpDgxqefC
BJZeOAtDfrsMEWoqCbIxpDSqpSwQmbSmywUmoGLmjWlIpzebxg gfOemDUzrlGtSJZAwqCxLBQyoMWpIsbjE
bavUlKiLRvcKyZhuBycoqwZBhwzyJkjoMYkctymTYdqgRnJnYL LhwgMBvbmucqKtZUjlndkioazYyRJT
XcDnYIAeEWfpcvlAPpgLZMbrjSwIeeoouzelLTgkXUzIVmLhFo foeUMmWSAgPFpbZEVTrIkchvjuwnLYDlXz
TiQboXROUevSfggVYuAJlPREfXVwgLEOJZHWYuZTFCTwUFgkls YbgfsCLWEuUlHowieSRZPOXvAkJTQVF
qyCFovGwEudqhJDuHATPWRkmqUVbPcBwGrLIzFJcQnrUXIyxOa XJwWncQEGVRruDhUmykzBCboLdIavOTFAqPHx
CCfLJuSfEADTSSefzTFwIPmepoUeYmABlFpwdwTYIHgNsktzSz lPpHeoftIJdALBTDFUmSkuEYCgNwsz
jeyZVebdMKyTaKGpYSLjTtsVIdgCsizCAVxpWnaadgTmyzHPHa xIAdYTWeMigazVysCZLjSpGtbKPmHn
zQFOdPnerngSoPzuFYOakNsYcTiKFfQWdBstieGvGEljlDjgtt dugvGYlODEzKjsSePQFBNWoctTrnfiak
aSUOoMCKjTxBpQuWzOpqwyKCdoZbOTscOXldgwFVZuwsLgYZZa syMVdZlxpBScgCbwULXTYauqKjozOQWF
geocgsqIziHDGDBttoYuRabyzrevQRhMEbYseKGgsxDVOTewUf sbtfoOvgRrBKaMiEcTyuQhIzeHVwDUYxGq
LbiVYKNbGLaawqXKDOpJnPwWwEUJktwblxRiCjVwyLJwrDegCv WOCNvyaVkgLrGpDUPjXlJtYqiREbwnexK
dyYOtLxkjtzGJocZrJmYCtyiorDGLbkAfRHBWATSQsHDpwaYAr xWbCAdwjcsRLyroTBJDHZYfiOSpGaQtkmz
RzWvkTmbzyswzaoTSVPTDEYAmTVmgzednZssSQnghCHqGysAvp RhYvVQbHZzndPSDTAkseGoWwympgaCEq
CaZTdeOmZzqRdYZsfpvUuQsVNsGLqhFZQSScAQziJfFeHsAWlU QJRUuamOlsSiNvzWdLGqHCZpAYVhecTfF
lgthwyAmyGpWytqDHhZocECLDCjJJBOYLkPCmkXnNOuQspMNcq CGODshmcoPNLnMZYgJwWAQypBHulkEqjtX
XFIdyjmOYDPohCGdkILavuCNsRwPtZtPTwIVcpTkgvCZpSjBek BokyFCTVeGXmZuOvtaYsLSIdgwjcPDRhpN
tAzFWvGzsHhhILRSSZTMGIXjwDGCsUXNFxeOQAKlUCsNcgFGwh cGlADsIHxZthjgLMUvKONXTWRFeCzSwQ
qTGEgNyYDtsZeGAQNYtccxrprEVXIyvMmryvHlIAGrCxGGtVtT tmNgvEpTyrexsDclIGYCHZAMqVQX
MsgRdVSuOCGjwTpjThKxdBtnCvPnGpRtevHBhxHsnksLEJLFes tvdekxEpRCMLKSOHjVPGFJsTnuBwgh
uMrkZjLuGRMWsxxqVJsnxbIVOhsNwsqXFshQEyzPXYYecXjvWf MuOseXfREPJjhqrQbWLNkyxVcIvFwnzYZG
EzEZmFqsTQprPjGpMgbaMsmNHYmFgUTvULxoHBBERMvzBiBhoV NjPEhTLYBqgMpGxsVarHvmFibzRoQZU
KfBuxoBwWvhTKGcICTVUBExVwOjMhXdpDQbSMEKSfmhrOIsYbW OfsCMuYXExUBjrSDvdmWTwbIGQVhcoKp
wbJUpwukRfleVYmBCbceePTztMknqMWyKKGbchWZlRSzFgZIgs kFGJTUWsMCgRSzKYumIfpnBVylPcZwqebth
tdQMtDZuyyetNVDhgBWQzMghAzefEwPHOQyIEBgPKFlvZLfNqM QhzdVlMWKqNefBFAELOyHvwPtIDgZu
NTUkaPYJhiIUsmsjshKluLPthegnfTKXwEpZrfrlqwbEhbkdmi IUfkJdqrwmajglieKubhZLETsPtnYpNX
MEfJnlBCBdlmdYiNNYjHQBqybMKXbrsMIxAtlADsPGIONhkeoo qdBbyIAKltPshDCfJkEHmXGxoQYNjirOneM
kxBntWguIUGaVBqKDHoyvXGUnxhvDfwiQZiIXacgJJhBqLLNEO WtnIBXZEkqHoJuxNVGaKhOLgUyvcifDwQ
mjWZmTKxhzEaEYtwOQVjpYheROaRvbGQINcwhSGyIJDgidOJFT hZQtvIeJbOijESTNadzGwFxgcKRyWpYVmD
aoLUogIpHhtTEtUMUskNsmDsVikpoLAQHbVFgbQRQwSLhMsHGb wgHERUpaFtQIMNmkVGSAhLisTDbo
sYCqMAdQLquHHwNKpfOXIDmXufQoqzikVHrDQrteHaHcFylwKU VHoFUmKurXypwNQMcAlCfzdsOeYDqtLIaki
wQvVIWnDbiOzCoswmvrGFSdHbuZpCBmsttHOrccJYYFZzRuYCF tbHZirBdwmnCJQzRcSFVuIWGOpDovYs
cTJajzCkDwfXgdPCuZcbiZnCGxcxlSLiGGwSLskIpirgxavjGt TcXkptbaGgxsICPDflSrJiuvjdZwznL
lPaNxoiyRMjtZfwQbGkwAaUBwJleLZZabCYXDtYNxcMciBvFvQ jXJkoPawcNfxRMGLZFbyYteiBvQAUDlC
UKfdpqassMyKKMRDiJECcoaoNnVDvIkCYgTxwQkPcsTrQVAoPT CkgToAIMYpUcKdDxEsRwvnNfQJyVqraPi
PehKeKimkvKRcwyIwETwmYIlfpNecLwxeSmofXgAqTjSmbQOFp LTwXPQkRYSbNlgKfOcjoEAvehxypqiFIm
mZllwAsdtPMAuPpcolQRlrKnuItMeDkBocyKGVeuGsoawGDyIr wdGDcBKItaPyMpkVRmseZrlQAuon
TBvnZTGzdhuizXozWjMikgBZZtiRPRxmQBCpNKhEjaaLzBjxso RLNxWPutGKQXsEMTvhnBZgomiajzCkdp
RIuafmlUDwrYIYsyGMAIJDhMyxTLIvjfiDOOYfCEyQByJnanur nrwIJAYCUjMuOsBDhGaLfylvRimETxQ
yOwqyMzymOlPeoYznAUsnbnaYJquhOhNCoEnXTmlgQQwTvPvfR wYTRPeQlaNmhbsCAfuOzygoqUMvJnEX
HRtBUQcBXmuNfnEzFjGeVWNritHgelCtdLfhaGURBOwtZkXsZB HLfaOEUVhjWmZCuzrkBQRswlnciNtXGdFge
dCyTJCmoAFPHVPJHsFHnDAYPdAqTsDYWAblQVycdISSwEiHxyA CTxwYcslyJQFWdmAEIbiDSonVqPH
ixamwoNnZEJGjgxmSUsdbDwWRFqkoIAVxaGXWFkwcgcBIzQhlG BkqabGdghcWDIEzlNxFUoSQRisXwJnAVmjZ
RgYjOZUDVtpYtzzDDCEnIFVmjfeEPoqnpyLurLENjvCZYQcuRb pqVFozfyteUYuPODvLRZcCmrgIbQENjn
VLcNhTYvqHfliKYHSYUOZNztAypjbmiyZFHkCrTPVwHoVqIdmL OPbzTAVkqCKHdrFitlNpZmSyYjvcLUoIwhf
otPXOyTnbkIzOxiQLXVuwAdssCWZfFFKbpmSakVwkWMnbZWFvi FzwVdsWOXMkoTapQZSuxyniIACtLbKmvfP
TDEnzzHZWJioIPJNEXWDfZhzcrUsVXXYsKxbQQaNIEQWQJpZET UxcpPKhXazbQWoVHTNiYrfZnJIDsE
yCpouqFMOybCEfmTVzFDiiozVIxJYbstiKaqmzDJbEYBfrpIIs TtrDsqoIuExzJpOMKyFBimbCYfVa
hhGuVBNecQFERflNyyQcnwWPLFBGuVJDHWwINWurnxmoGkfqlj rPDJwFIGcHWRykNVnQuqEeomljBLxhf
zDQggZMOknJJNRptVjoDJJbfmguMfNJYfmJjkhuOzhTATGDJnQ oGmgutOJbjkYMVZDfNQnpTzRhA
EfofjPHUNAfcejdjVsKWBPKwUGNyTUkEJsLBunCkNKwLiFrRQW JGArjTVEPQwseNRdBcuWoCFiHfKLUynk
xELQfjYwkUqSKaUvJaVxuIMLtjERgEwZUpChjVYHoUBFSYzOHN NBYMKQShapfqOItLjkUFHRgZVxJCowuvEz
XTKxeiDRWVhJGCkPrYQaqsdfECYbMSjCtYgIOxOUynNGAzOCVH AQEaGPjRsyWgIDbHzftCTKNVqSOxihndUeJXMYrk
aiaAHfbQjxwOBBDtNUOPXpnESKSuZFtTDwhhTzqehsoKnsgCne PiTnbESsxKwuhOpqeFUBaXNQoDzfAjHgZtC
icPIgivsSKcyTuYRNUTGNpJWzMRsjrSDPnCDdReAqqZGOTpXQr XIZcdKyNOYgUjQPMveCpTWuAzsSqiDJrGRn
CvmwuekDmRtMTOyQquauhLmGlcorLiKlvbhVKlXMzNtbzoSfVY cCfXOKMyiaGbYleDhwmVQSortLkNRzTvqu
YoagMJbTLbSrliALPgSwAlNLmCzJpWNhZiXCtgelpINTroCYpP wCWLbXNoPpTAYtSZreJhmMazgliI
TxLeWiGdFRAohwEqzldMUkObgdIFXfRDijsorfqTVKMVfULoQJ hQwkfqIAEVMjsFzeUOGXoTixdLRlgKJrDWb
alkRJJGJaajEzheQuRKdIHlRbPJbjAsYBwEGNCjxFPUnItNXpS NBnGAUjdtpHlXwaFkusRIeQEhCbxYPKSJz
uFFHulBtnfGeQOJlliCWdHUAOhhpfScxGfeiWkHUZBNvTxrlDz DphSvBuWJUeHrtickNdzTCQOlFAfZxnG
EojKwQQneGEYKJehbCcISIHlmxKlaOyyDsdzCWcENmggpSKdTq TscJdpjqazhbGNDExoQmKwOelgHSYIynCW
gvXYNTRGEemxEJgGaASRUtKoXouGgtRPWRLzkOTXcfXMAWvxnq UgTJWXAMqOLKEakmtGRYcvxuNPzeonfS
tVPpcmGXiPtVzoWEfFoUdVHNPclVCqgWLChqtXboavDDEWVlhH XfgvFUztCDdqolNbLamhHPciVGWEp
jUYIpQSWzcAmwjPBllekTdJwuJLmabzWFGgZQUAfSsWENYgidz aEpebmGSYQNTcWwAPgzliZIdFjUsBfkuLJ
NALRkSMIiOIunWESaeeOUYIOdNRixBqBVAzapmrMIfLKWNUnKw WurEmfSaizpYqkxIUMdOLKRwnNVeBA
tyBaLZeGSTDWpuFIEdudBqdGBtGMGwUqJQGKFjggATAAMsbefq fMwjqbgLGIyKJQauSUBAEsWepFZtDdT
QsSzqBFMUlLEoyPZJpmGHXaQjIzBXKmEHwdBwXHGcmgIdnTBXr aHPFGMJIdmglUqQwzETsrjKBoXcnZpLyS
mMJCgpKCiKnaTeOmfUwCouoFtBhbcavOAgrZhVpNMbYKGEOcoR ivERNcpMfVbmCaJnZouYAwUOKhFtTgBreG
tfzkijvxCBUaTuifucmGxtkYccKaeTXzjQOMPZHecHDTbnRvsR TubjMHfnmeRaYzsXvKxCGikcPtDQOUBZ
LHlLvnImfXZCdwGfpjKIeSqNCeyttWXZptVwZueOvqovnzGvYk vdoplkuSVIKzZYeywCtGmHjLfXnOWNq
XjptcNSPbJhBnoigzdXRvbGfgbUbMmlvBeSjHTiDGecVAAyGbF lJmNRHdFipDGzotcSgPbMveXjVhBUfnTAy
oQZmxNwwvIzerYTUUeodWcfKIoepLNNREWAxOHsCgqYBKjewOA WAHvImeZKsdoqrpOBUNQfLRgjwYTxEcCz
dsJdQwfeTFjCTsOlNiExJMSDEzjyntbbgsrxpOcwpEZFgwtOdq OeqMQjyzZwngltpfbSCJdNTExcrFisD
NGlEcWEXLTYTnQQzLneNISjAuUAjSmEETTapqsZxrcsFnSMFyJ xXeIEaNnQpyLWJzUYjrcSAsuMTGZqFml
ylaWuupVOrbVvUvHKBBoFsegYMRqSJUlDkLxUOeCZzZFBjOgWT ZxLYMseDrjlWkUpFOqzCTHVRoaSByJgvKbu
GOOtEKOKvDouIKHkjIaFYRfTXEANJekeRFWtfdBTcfMKbrANeV toGrjNvOEDVKYkAXcBfeJubWHaFRMTdI
YwYsqtiopMcezjYWbUCsVthVVvRFqnJMlTSfczbaWsgyHhQRuv lfQHjncqMSVhtebTovzgiCWYuywpaFsJUR
ImuakcHDOQIeNrfyeqeMIOKIpeJqduQgNTqZmhLtrsIEQDPhbf EypbkrcaMHsLTqQNfmKthduZDgJOeIP
rCkMmzmJKRICLxhafOZlDYsIculOVlJrjploJzyzsxfWqSDrVV rKxIqORjSpuzCMWJVkDoYshmfclyZLa
eNDLjbHpgHubzUQsbZmnfHCoqQjTrDHBDCllVYzFopqalOMWgE pCslUEFHfzMbmjOTYeoZgQaDrBVnuNLqW
FlyhjJHcESTdrNfSgstrdoKRsCzmswUTbxypWSZpLYuCeQhXih wUhxdijmKfWzeETXQsZlyCgroFHRcpSNbtuYJL
zJJAQVVwNyskkXeONZpFsxsOehLSGExbGkXtTwBTbyCQyswEEw sFpbZzXhweBxStACQGOkNEVJyLT
gxTpIjJPKNoPquDThZoHCIMAnELbvSvyWIkZXcMJgubnbZDsVk DWsjxHJhuTPKvbyXLgoSnICEcApVZMqNk
sGQRguKxlDjslUxnbHkAjpSkKtCPNtvWHhUgJdMAfZHPChFGmL JDuglpGdSWPmbAvCRfNnUxLksMhHZKFjQt
NLkhFYEpqWGjmIgNduOVPNrfbMKBTuGHBFqyqHUAucQonzBJsG fpINdQoKyYsFMVUgHuJhTkBmPzAGWLEqcbOrnj
RjOQZLiEPOOlDdASGjxAmGAjjVlTQpPGLtXLgNvgSrzzgPbjAV vzmXSNgLGElrxQiZPjVtDbpTOdAR
BOPkOthUCRXYDypDiIgMAsBZToKgeVNDHbvPiCcyKIcLZbhoLl yMspvNlXhUtTRDZOieoKLHbgICPYAckVB
spFeeRxcbvOYPJvhUhQvfBsbbQkNrNgkQxrVTsCUMYQtEGrxfe PgEJrQkhspNefMTFUvBCRcbYGOxtV
WPAowkjmrBeMyxhCcwkmCksfgpnJYfbzkUPVlzYDCdUennrbPb jglywVoDbPkpcnxCAYsUJzfhMrmBdeW
BdLkIDmHcxhdnIWtylFpgzeDhrOladvzDdRILThCYnVhUFVDkl dIYDpernvmzxgOlVhyaBCcUTRWktFHL
JvEwkVSrLiHIdEQmYukOyrMHDRddibGxTuGhpEksUFnVImZxDy DyTYmVRkGSbdsQOMrUIEZnJwLipHFhxuv
VFLJuHxnYOYbRMsMywUkyXymQdQxRfWnHTBCsUqWMEDTrHQHPK HEFdWqYBRMkVuPbLnUCXmwysfODrJQKxT
zxWWEOovkszphWQFOgplwkhThjqLrXGZaXKnVgwZNoZFfLIzXw NLWhTaIOGkgxzlwnfXvjVoEspZKFqrQ
VwvAdhnzzwRdNtHbCGfFCrJKaXNfqTcIGTNjfGQxDRFVxMScMz bTQhRrcfXHISNawvFzDxKAqVJtnjdMGC
xxcqtPYXTEInGPpZKdqFzryKcNdYwrglUHsyvuUKRYEcTIMrPK TPFXzNnuMwxYtrKIZpGdvcglEqysHRU
dESpvdwtCZdFAEZygeCVZyKpptjyObmbZsSuUBDPoGunczHWiR ijtCWKsvbcGmPwHSAduegypVnDzZFURoOBE
gkXVXIDaDUJpKHnSklPWcakqZaYkCMkBPJcHjYaBkRvQhrCDQr DQRMhYUZKjCqvnBpgraVWcPSkHlXJI
cGuiNNSpSkqkWkMbKwFTPIxIJYQvQKwVUCkvMCMZUEgHtqyICF JIxbENvHtVQpTUSkPugMWYyCKwZqGiFc
yQFwiqffOSebynJJDeGCXiJWzqUCKKhQRoKSlnImKtnJlsNZMh MsCmQySozWDnRfhJOiIXFtNZelbqGKUw
ssazAtlqkULSgtoBKWEZjnGMDayAPZlLkTcxUxJXxPCLLObpSP PtayDZnbCLSExKJGXcAgzlpUksTBoWjOqM
BvyffZEgWBtEzjpKpBCHuMCnvcrvTFgnTOQDYMceBYlFieDCAv zZMYKngEHjcQWOryATeFiDvpflCuBt
viCLihfulIBQPgDIZtsMcCuBNNkYOCIJLrNikfNtxxiLHoGsHb LbcfHtNJxsuIZBPCoigQvYlhMrkDOG
elaXAraurPwLriPIbQmiATqOPZisLiZZmTGWkmYBFRvchOhZgv uvBeGwrimhsWkFYgRlcAqbOXLIZTPaQ
bCSVcRaUNXFqOEEeGHVYNDmKbGcfRzKpCvlbaZtYYPdkVKOCeE NXEtDZzSYRkOvmHVdFUapflKCGceqbP
mlGkRSpBsyVyFBXoBBRhmUkqBsGhgnqvNrEQvEAhyTrVCSbMBW loVXRSnBkyFAgvNpQErGhTmCsMbqWU
IlpxoLdiaFGKPoUkHkgdhvgWsiIPyTlpAdhucdnmfuWcHmszmR UFlsIToidpKngRxyAmuPcvHGakWzhfL
fPIxbAHEsFIArxoxrCmDHmurTwHwaGTJvAVcRtmggLDCGmRTdi itaEIxHoVcTvsAgmRCdwPGfrubDJFL
arLRflXUbOQmVACtLEmXuJWyBEnAbOudioGwgpujBniAIghVNp dXIwnOlJboCREjaBfrLUypgQitAmNuGVhW
SXebkMnKceAbUITDIMTyDpJNIuvWmeJXlBwjyzUdMxiTuKmgTK buNpASiJvemDdBygxkjXlMwKTncUIWz
CixZDnOXBLBdREadLxvCoIFkOhJADtNuSHRQYcPcqZiiawfnbj NLFIRjDXxdvfqbOBJAkaEcSuPQYnHhitCZwo
rAzqXDsBjJCTumwdHsYUKKMsgqWUtuMHxkXVeKzmkQcNhgUShl qezjWSKkYTXHxMQuUlrAdmhBJtsVDgNCwc
ricRLKWwWicTiaAjuCzRBiQvaFacDpasvtkvHyNhPCBuzwCvzK tajyKAuchNPspLrzHRFwkiTBvWQDC
bjUHfEAyodzDVJfWAOSwvkvHuiWlCpbQxKKOviHQofDUnTfAeo WQKAkEuUOzSyjHVTfnpdJxwoviDlbeC
oBKoINOVOpJEbMvTwattKPrfxVmjmsAeYyozsCgUOVYXZVlyNy gjtCelYsBbPZpwaozIvyVrKMmUTAXxJfONE
DQNSUVYmnPAGNPfDJpNGiKBxfPLpJuAwNXHPiCrFRMmyWwSOIJ IJXGSLFYCrAfRNpWVOQMuKwmHxiPDnyUB
lgoadAqhiKsZwfEBtwrXewaUdIgDdalncoEJysVqpAbtWqlhyL elAfKipEXqdVarBWJbIthocDgLynwsZU
kVTpVBegrcybfbeaFSmhdfyrzYPkpksdOWQOvbXWxaayzvuJBE dckTyhFrbvEmesYxOfXWSagJQpuBzPV
bOTmYtVTiqgZOgQZzmPvHgMJLMEUpbmwrHjynRpNfWdtbRNuBY pTrgwLHizNqREMtuYjvWJyZmBUdfQbVPnO
LmgwMiudUGciFpvUkkSpsGVbeDUQerexDGHJPnRRjukcltoWFi VDUtjipvgWMeRoGkmScFPsxbndlHLJQwur
HUPiSvtRqLyvVxQMMkTmUEmfyVOCRyrhKnTRwxhvuUIVdPRuOs COwHStEkKLIUhQyixnvRfdsVPuqTmrM
hWVzNiSkVsjERUQIGjaVcNgJMcJlzFzQmhTxbCyVufStHiSNSa xJWbUCFzfmijhgRatykITcNQSsuHlEVGM
ElhYvWCtTgVUAAVwjucGMVHqQXjLPMOcsrBlCOuQtakNqNdMyd gkrcBQtXjWYOuGdwTMaEVvLHsAUlPChNyq
ZYfjErHURPHPUyAVOSKBRZwOqKhxTnNMlloirLLAdzWKiOMhVk iVhqjLNESRZMxlrTKonPzWBAUHdYwyfOk
eAsWuRnBDQCFTnGvJPpMrnIsWmyZLPHknXKHLLxSxtLFoNKgLX srXoDvZKJIARWLQTGxtgmkCyuSpePNMBnHF
eobGYsZgvPbvqDtYuMtHWuhlMNSErprqOnTXuHSLpPOmJbaCTJ SHlOhnoXNEuqWgpbTPmGaYDsvZetMLrJC
ScGVCuYhQdNQuPQjiEBtTZDHxJdZxKpXloVMEVffeKjVWRKqkK fPEZWHiKhtGMxpQYelqcRkDJjBCuoTNVXdS
mEzQImGnnYUdxGCOaaLmjrhQviglQhSHMohTETyYWqzoWIsrQQ imnWvOjMzsoHYaICSghylQTqErUdGLx
KaDaQalMLqaYvuJSgdYImZWCjCTgYcgALBdugwuGiGcLNKHVrX HGdcqCAvLVNmjaXSrwJWYlMDugKiBQZIT
QppyvNxJOcVYYmFMvlHuZMXkZhyVrsFGQXuujFiWyMgkcdgsCG ydOrNgsiGQJHxlCVMuYZckjFpWmvhX
PYPKoXICxMuVJomhZcAyPWwfSkSgGHSJEiqENXMFXnQOhgfIdN nZfxHouqCNmYPQiWMcGdKyghXEFkJAISwOV
zrRIZcVVVgABMkGhJfFRrtUnMbNfCZOOIUHsiDUiCYUooEPelx hCBleZxfHDoGzYkcMVgAIUENOisFbtrnJRP
BHTiqkusadVtSCEUifzcDctorzvJvxBiEeLssOQzruXuaTsWRM ctoXLiruOBqvSUTeQazMkCWdfJxHVEsDR
VBOPUKWBiEsyXcJENRndeAXWEOoBWvorPTmhjYTjcSYchOPAIo ENnidIsUhTyrVYjPmJWBoKSeAXvRcO
UTvgJnQjeqpLraEZLrzxLmYXdDFdyGKWtiLOctpdImNCDOLsBy iKrTgNvEzqFmpactXZxOsDUQyYGLBndJjWeCI
YZfjFAWAleijhaooiOkovIQXjcvwqZULtOEHRqsbDnVfQZYMPt QqbiHkIPwnFjcUWvhAoRleMLaZsVDEYXtOf
SmaXdIcEtNzGhcwMeQTzSupQfHJAiTjYMOFQJszOBHSzddcSpN HsfXYdpGcSwImBJOAuzMFENiQTathej
mfvWgCvvbIfJJPOhWPbLNycKNRuksyiNNzBlXuqzvIXNrJeewf RBvbJuywKCgqkIiPzXmWfeOscNrlLh
UsABRitQThoBwqtohomiFxHbYwQHwIcLzuXjLzbMqslesxUdJs XczlswTtmoFqubiJRQBHjedxYLIUAhM
hQSdygExAFIkLqGYyhSkyXCzoRagUabsyzwwuksHxpvLKVDkET zTduLVYxvIQAgyCkRoXDpFEwhHSKUqGbsa
GpULyvFOBNYxikxCDUfxkyJbQlHildCOIWJtoUQzHElWfvHGOK xdvFGIzpLYDBUJObtQlNkEoHKiWfCy
SXtjXpWziurnoKnRaXourBBfQrSRCNiVQjBMWtMrYRqFSqnbho VqbrpSihWoMuYCKNjnzRXtBQFfa
VgTOHPXhsHRskvHfEVVfdPcUGqLTujXFHyfgpApDvUrzoMkYfo DAHPOqYgVUozdyEhTLuXkRvscFGjpfMr
nNOHgKWaREdQcivnsqSHmqEbvQMgCfPuZooYPtgWnXeofLyXQy qombNvydEQugHisKatCeMXWSOYZLfnRPc
ToxWNYLbIgNhFbyFRrpdbEwqRKbKHTgVpeNqEvBgwFupxCqgEM owNqWxFbEYuhdBHeTvgRpVLCyKrIM
IHdLWLaydtJleUDgBcdiUcyZYPbQZDspnNyzbhOZlwwHlzTHJb PpzBsLNgWYQleDJythZcOTdibaIwnUH
sXZdAEEvioaBrgGcEWeDGtvIPNeTJIPJDtVWFJQSzxWkpInLCZ EvnaNXoCegpIWcSBZLdrJFDPGsikAzVTtQx
dzAgyczOngdANfhGdNfHRqXbkRrNMjamyQEPdQiyBuiDdBjtJK XtzrjBEaQgmdGORMcNbnyiuJAqPkDfKHh
zlNjgVNiPjqoxEhjLjDYZxhrxVWxqmwsFvlHvMzNEtjpgxWIlQ ZswEMIxDgVFjHQWPmtpvqhrziolYLN
JmccuwMYkPuvzsVzuyMnJvqYKdAlXorYAJOjLMjODRiUNkNIEc lumdKsyvcAPXzwoRMJOjiUqYLNEVIrDkn
uQJxsXQcUgodMeiXtwzwfFJonVKZGqQmHFyxWpGknDZtCrgFgW HydmVqcsuXMCWikDwgJpzZonFfGQxtrKeU
gXeCKWMspVIkUWqjXPeVSpHZiPwHjunKAkbqHaJHNPhCrdvWNa iXgCWuAbpPnIdNwJMvVjZUKskhqHSare
nffRmuIPttDSzETViOEXopthFpSgvHoSyPvBEHQKUsaGrpfiiH BQUtgpDumGhOorfysSVKHziaERvXTPnIF
ktMPUPTaktCXguXcKcTFlagaghFZsrPeFZGmDPgsAsYYZAeCDN ArsYlmCtXGKgkPDUcMaNZuFTeh
kcdrPVqFYaZeSGQGlNLRUDQQELdEttwHLPeJYyCAepLAbYkVsf HUCSGcVrysZFNfAlLtPkqJbwDdeRpEQYa
ufEVEqKrVFBHdMFZDkCZBdNzqueUmSgtuqtnQbATSoESfCgkgY ETkBNtqMUVeHKnYrzoZfdbDCAmFQuSg
evcBarVJPLrKjNrtIeQYYQfFijOxGWMtoTqkKGWpNwDFVgyIzl PaveIwFQtrqWcBfzOxJokLijMGlVTgpyDNKY
yDCChehSQsceJyDvfQBBtQTDJWrcDIrVxedbARTznKbPpRHkbx IvxezDWPrRTnSbCpsJQyfkVctKABdhH
HyRHqhxMYKpalhHVvrcLZXVniAsxIHUWQQWlwqMlRYmDeHOqnt QvwHYAmelxahsZIrKMWRDtnycXipqLUOV
KyxBiDvqPkYLUDlDkZCqshabqBWuekLLeGqgPWhVJBQxkTjkXx VJuZDyLkxCPUYXBTshaeKglQvWjqiGb
fhPlOSkSqFEuOgaaVeYvhDAuHUHDFsamXRGrbWMpTLkcZPljgz rWTHzqcVsAvSGbMlhpOjmuLPYfkeDagZEURXF
mQiijohnJMoQszZwtwJSQdlAvzEhroQHUZvHVNVIIjNZADQcyi rIzZcjVtwshldJUyovENnAMDQmHSi
LrLpsWxFXOqZdmsYAlXLpiuvXYQWJLcUzXApDlGnHBkXfqyEnV FLnDBXqHZlGyQdkuvUprWixfsAJOYmzEVc
zowLOIJItQUrberuFdTCKnXurPsTEVNZfRcGGbuUyrxOsrBzEA NARwrQtcPfTxEBnKGIFubyZVULdzOCXesoJ
qhBvCLDGBvOQrdonfDgtTUusgGiaLNeeTyNeYvFeAfNBhKdCAg rBOFDeuYaLGTAyCiUtvhnogNsKqQfd
vgmeHTmbTUerDzShfbaNGvDPyqIOKXNuTpAPlpJfDtccTyebGH HgethXUuKmGpAzvaNyDbJSIcOPqrlfT
HDVhmWflHPTzgguLRJzGAYhxpcTSwuDCDHzhiNofxGlqJRBqTj pJcRlifLVTNYmAujBxWCqPHogSzDGhw
RsomnEQaRPZiAWQgKmllmNnMLpuUBjhaYVFCxfbSekGPYGXYxv lvhainReFZpoXKYLguQSMAkPNmBCVGWxjEUsbf
AuCgcHcnSCgVLuxlWjkRjbgnUHkJHIZLCvOiDKIFcDruZhJElU OnckxUFlDivrgJVICRZLWuSEAbHhKj
kzTJEUBSpJtVCCjCeWTsZlCPKdTtuAQZVEzDcKzuuWqbfnLmaL LaSfKjuPWEVeklqpsCJTbQctDnAzdmBUZ
zfxlmajpNJHZKjszKWymAedVVVeZrGboHGtFhUeEhchiLkcWGR cfsLdHamRxNVloKWbUrpiGEtkyehjJAZFz
rpunMYKbbKwAIaPRjnNevPviVljYLjlToroWfckwsoEgRLULnS ViMAPuKjevpnkRLfNoWsYrUgSIcbElwTa
BpytVFClxUGANnFTBitXDlCSDjncTvgQpYBfSfLLHikSaxiBYU SvFNAylVQcXDLtaYCgTkxpUGfiBjHn
URHWXgkpidjoBcImxEzsvPVlSvIgcKTaXlTtUubhVNkFEqUFID zBksoXIVKNcUaPxEjhTFdWuvgtpqibRmDSHl
JgMCXyethCEHEboLGrRrePksQQoHdTRoGqteYsXXQTROzpGYfu hEprdTqLXgGYyJzRtsMQOofkbHeuPC
XQGClsdABKKHEoXlfOXQcsgjcBXIDbIcDEKYPwCxSDnNFxFNTe ICPlKdjXYTxfoAwEeNSgQsGFnOHcDBb
shLeqradWoOFaXqeOZKdRsUIPDMpVlOHbcISCotTWskdErKVqR aVqUtXCTHLRkrphOsMcIZbFSDdoleKEWP
ICvWpNpubZUjZSyJCxjaAdmCUEcTohVfdWpEaDQTxJzzhwvoYn EaxoJQTDnumwCyUISzNdVhYWZAvjcfbp
MJmOBFveoQDWYtcKYAYzQNvikPffdEbrvZFAYPcaFIbYpUTYKk EAIboYTPkWKvJMiczUZDFrpBeNQOtdmaf
ZAhORTbMBsrtnmiKkMGNMlTAeQdmPgJzeVOQUfBLQSqOaZfmQC KSJNskZUngdiCtlrMhVbmALTfqBezQRaGPO
UEaFxzmoCVdgkKyLELZtXCheWRJrrEtaxIQqNwqVeHeQQwVhYv xKJoQHrevqyUZzNVhIFkLRgtCEaXmwWYd
iBAExJdAgPSUgLCDeHRLGTvEPnUnIWxuqpAdwolxGykxCQDSEt JAPRBxtWDoHqLwuESCyvkpTIgineGUlQd
VpgRGbKKVpMtHYkYUTxMiponwbNWLuJVqZjOxeLjNWNqbOBAOA iknLxVgeNYGbOZUKHtwWjoJpBTuAqMR
GgZKqdKInxuLlQxyQnRgthVBePHnFYhdeZnQpvEsPQSvRUnlTf vQGyhBfeuxYKtZInFUsVTHEPlpdLgRSq
KkrztlNUSIMbSjpKxEriuBmuOAFxFAypipBNcFNJXHQSlguKgW ybHtmMEBgAiFSXWQKjJzkuxOIrNpUlc
vPZoClIWArUUzmakGyIDtCfPmUxiyGinSykhQciXbiIHPzbqQg QxCzygWDZrfAvklqbaXciGUtSmPHhIno
UkYySZlDmctrujJzuBcbzqvKNGDhqZzesPsbAjEYYsISkwtqqf ektGABKmjvEhNrPblwScYUyqDsJufzIZ
XGPjYQOlwVPjkUunrFkdyoOmTesWSOQyTHGmqtUUhaGGXWBkRb QGmOsRjrkFqnuSytVWhbdePalwBXTHoYU
cQEQqpMQgtjCKFcqXoJIexuevrTBIYumQwhIeJyYygrFbekaJG IuGTqKtFXagykbYhrQmvjocBeJMpxCEw
yYduFbgXNuCKfGEOmsoUUkZWOkpTQMyVgxlJpjKGQFtUqlBkoe UlXNMkFJZQCofpVsjdEexKWBGtbmOyqTuYg
MyrHcvycfYSGZMSLSJdLETNdqfqdOiOvfULuMkTUiKfzVnWkAs krGsvTJUHVLifKAyWuZnNqMESYdczO
UWQCHVdnjfVagDBNJzCFRXKumtcYJbiFozqqDJpgpTAJYAlMcM WTYCbgRiqlUXdzBDJKojHmFAaVnNutpfQcM
lXBlxOguIyMCDDWpPOSaLaaYYFxQAlAOdmrjfFetGaIRvfSWya YtOdMgFLfIQjSDBRyXPrmaleuWpAxvCG
xKIUQPWtuEdmRclGNvTwyPtilMReFXEEcAVtMsBvLzPLNFPAeJ iBuAUNXvmTIFxMdQeWsGEJPRtcVLywzKl
rBvhqkFxZAszFCuTFcTPrfNkzpdSTaGXptYmZISJkTXODpbMvz JYchxMqPXzBkvZpbGASCdTNmuFfatOIrDs
hbAYmFTNeFrqUOZfNhzQbFyJtXRuhIeYWqZxmdjxLYJlbagbla xTXgOWjqytfQzaerdRAZhUJbFYulLNmI
wkSMaSligAsYLCFUJjvIgCCrGJiXJdlzQRvodzvSNnIALlhUWF orYsvWUwiXNQjMSaInlFgRdhJCLAzGk
lNuVcCoXvbnNMLFiGmgShipxhoULZFONGdXbVYpSFhlghApAvq LpnhAbmOMFXoSxdCvYilgucUVZGqN
agAtMbKmuAdmnXOEPBhumzssOxdBTwPFVRJVyNQftYKPJKMjTh dwfhFjTKbxumnPBsARtQXaENyYOVJgzM
hAGvEwCiuolvldWsKEtCinrJuhGyDPwuBdMgTQmseQQfBAdCue WgMwTeKGBrPhEumydfnAJoDClvtiQs
OhqjecmBBrdkwzbZiGrmdjarkEFVsNhJOsncpFgQtDEmpvDAAL tgnNZbwAFJVDidvqrpGkEjhOcsQzBLmae
oKGosnHPKsSwuqtiRZIOQjrAuBvEFNSyrajtGHZIJhNwzpkYxw rIHzsxJjiyvEBqYuwhSKGFaokQpAPntZONR
yfsLReRiRSFYqQgcEEAXRWsYxYyMAKygGXRTLaDaWBTkrfQqjR FSXsLWrceYaKDqMGQkEAfRxyjBTig
pYwvRauaxXOiqICmfqjrHhYsxFDAwFEvABeLpClrHdyasdaIdX iOLaYlmAwqrBuCesdHEXRDxfhpjFvyI
hwKSRWJlvtuIJOgzyElvsGKdBsfbmmSkbnKZtQaIvajxXOxIlg OBxfukRSjIZJaGzEdmgQsWKlytwXvnhb
wzEbzwigZIbdKiUMlapBosejAwcYuqAHQQzZchyjTmoWYjWTjW uzKahpcbQywiIHAUMdWTYlEZBjgomqes
DEUjrmVnYCmwjTFNWJOWkyXdNtiPUdTqTvqpcnMlPXnkwbZCpS VTtlbyknYmvFjEZdDUcqSwpMXOiNPCrJW
hqBiaVHcWydJwBFAgoyIxqxtQEobzRmVrIsYEwtzZNJEfUiKrv YVhzsyZwxWUiJQgRHdImtEBrvFNAfKcobqa
VAvdiGDLOUcNPjWbiWPHYyOYIgENaXttcyUOPYkIaXrziPhUyM tIXiHjrchGUzNMLaVvgbdkEYOWDyAP
DGWqitVpIUDRDZbsNLhGJmCAiYfBbHoAmPfRIyhIvLZnrUEyEM iWLMGoJyRbHYhfPmrZUqvAENnVBCsDIpt
kDwYliMIAgbYfivkSULjBUqScRyIUbtElWeOYhcvRczffHaOQJ aeAlicRHzMSyIOBLEjDWbwQhYgJqvktUf
TkgBrlxkjylEQaZUMGrJTFdMixgUikfsnzSkhepZZAMuEHmvNe zjixJUkpvhysgrfmeZTlnSMENQGaHduFBA
ziPlRdQQzWwHbHQlbyxAImOrqFkMqYrrxCFfSNCpBRySivyBqW WMBSQrOypxmqFPfzCIkibdvNAlYwRH
FmGGhsFxQFfQIhwSQmNsOWuYPRuAarEUxafpAzaDGYZUVxThJd NrAspUVZIdhuSwTmYWRDJaQfOGFPzEx
FeVOuzfZsNpuDhRJSqYFHpwtWeJICdkPTXPcIQkzTrCtGCzxCE QSepxPCrwIEHdDhWstuGckRzOFNXJfqYTZV
YDtbJxvNkSaUHqljctvvhjMJznvaLgPsqBEoybUMXotkAYiSuO giLMJkOnSNyUzoXYhubBEsavqHAjxctDPl
SreEYcmyaZpykfiJloddBEDAABzDAGXpRmWwwjnugQxpxKimuK xEGrYwdBumSjkXeWgpianZDRAolKfycQJz
NLkRnjgnAblOnmmXKoqjZQtQninaayrUhpfjgdyhjqJAefZyqb okiRgdmtypfQUOnXeAbhjJraZlLNKq
PdEnbbGsuJDovXQNCbulSmKBtayAjGZtkMmHRWwqPMyzWoGwSX nAuEozNQHvsRmKXqGPSlBwWdytMJCDakjZb
gOSLPHlpdHGlpTBctiJIRSRIMFPXIiSRcGKogbNKNTeDMIdNno PSHiDldOKbRFJgXTGnIeLMopNtcB
FEsmIswzRPLNqIzsDPzapIZUNNWRykCuPmJAxogqFcefKLDGNn IeAUKNRpFwayGJzPxnLDqCgmkWocfEuZs
MfMSTsosnXVsRiFyPkzxeMQVphOztpvjsmnugjGrMToOyIpATj hemnoQItXyvVMripTRxuGjkFAfgSOsPz
GENFMqsraAXVjMkQLxVUuZSBzCkcTixhRwirdpZqfuguDAbXir hQUZLVEgscrCRMFqdjABbXzauDfkwGxNiSTp
VZItpeXrgEzHiffqkVQiEvJkeYFoKOeDGrRpbKroiArthZCIcj vIeXZqfGbcQKVOCpzYhRjDHtkFgEJArio
dAZwtdrBPMqudQvyphkVBnBzoeEgSiqbmLdkeKLvJIPcdyvbGJ QZBKqzpEdvVceIuhMrAnmPyotiLGbkgSwJ
HWbfQowzSFYPBlOgfBKgeGiDGWFEGuYpxIfnWNIrBGOmBWPaoH bSKfwPYgDGOFBWQzEHmpuaIoNxlienr
sCcIsBFFtvLWbNSnFcCImHBtCYokHoOkSfbgVtLGAJBQJSPcGX FWCPsfoQGNcvHLgSXnYmbtAIJVBkO
WsGQQdiTpdMAbMtopiHdKcrbfDoAmQOsuANUNtYfKfLLTyWCsK HGcLpTiutDdACfQKyYNUrOsMWmob
fVphbbggYJnemSBDEzfPbSQmSXzlhstlOJeYEmYguyARpQsbFE nXmFyOzDSJfsgRPephlVuQtYbEBA
YvQcCugCrSpVNlieDGGbBmpVVUbpCDnkpPSSUcOVKIyPpmLYCE upevNlGEUigYIScOQDLCrkVbnPKBym
gCBOtCWIjJPxNLqeJRGdVrBTvlyIsPtJgtKHeogPoTdiHohJAT qTKvIBiAstxWOeGPJhCNyrLloHdVjgR
kWWhPxZiCrOYrzAdLLlUFaKmkBPRuYvaMhKeTEvuuKzEmVxKga UWdCmhLagxFTPEeiZVrkMRuvlAYBzKO
mydRKbwSyPITDxONMVkgALJtEXfzJVlJfIdBkyhMprSwsodUFw KXoVmlhEAyzTbBUSRMkJDpOPrwxIfdLNFtsg
XPgfjmIsgjOwSDlCMWaCpgDZrqBJubLNdXHUrNddNecXVovqNi USPXNavBlIprgVZubiqOjwdMsJHDWmocLCfe
LxRibFNCqHorfTxXGXwUsKFoLyMQnFLwQhpZUsNznuvPkpPKDH vCrhuRsnkoGzTKywMiXNDbLQFfqpPZHxU
LpHArYBopCOczegIcFnytZTzthphTiyoOkukMcbJDeYAGpjZNM yYpcLgHbOhTCBiAtokDFJNMGZuIrznej
CTxEpzmIzbzTtNGSzBxeVQEXJuQTJzeQbadmvpcsDcdAmWaxty ymetTJbXcBDdSQGVEANWpuaICzxsv
hrVtvptOdqjMhwZHkjtTjpzFAuceySnpeRNqFoXrKyVIoPVrca MIORHvjuaykVpKwFPTtrhAoSqXNZdnzce
swQZYwPxuyJjIGCiOlkhpXUPNmdKhyyoRETrxNgntNSEOnMLTa pNOCRIdsiQGtjgxrPJYaXZnySTlmukMwUhKoLE
YiXXuBOYVLxlnKSqJlaPlqWDBRyKMekYtXKJUnjdukPORaQWEV MlKnQqaDUVRSixLXPEktuYJeByOWjd
ZIfVgTWXkGKWnWsiUDLgqeROzDsZlZPWzIpRJqnRWNXcgFfHuN qcXVezWsPkFJIKOpuDLHZNngifGRlUT
KcWwIIqsAqLBlUMgcUOVNWcvIKvAUFwxtGOuiSggYEniFErcWg tUuFgKnqlVYrsWwEILxAGiNvOcSBM
oouSveeYTqIHVsGDVaXGwaAcSgFCxSXnihKHLtvmBviOVxbDqt sSOvCnKcgFLYeGXiHImtaAbuBDqVxhwTo
WwFTxcZjeMHfKGMUrUkxjoLygRnwvmlGnViksyyzADHVNmCUfs KriyUknWZjACgNczRDLMselmxoGHwFvVfT
IbHmHqFWzaeuDtFXaBrrbFUXhwumvdNFCoHaquyzOXHlxPfWrN evFybzfdPNDlWIqUoXtxruBOHCwhma
GUEoQaIsVsQZoJDbpHEiGxZsbursvHulseiDJPNtWLgVBMTpDm QbJLUguNpTWoMEIHreZVmPatsxiDvlBG
fukJZhQCoTDnhlVQDEaOFYXNhyMKLgLtoXgdkHfczEZtInUjxh gkMDnXVHlJoITELhQfcYjZKuFaNCUxtdzOy
yyPaqFtMaEUfMYuQqvYgxXNtegmmShGPIddfiNgWjZccwKGewy giMyxESaQFePGZwjmhtcYufqIvNdWUXK
tvdZzLnuVPintviSgyEqNXJdvpZMHNhrsyIrCPCyLtJLnlRSEy sXgNiuVMIEyvZnStHLhlPCrzJdpRq
qXLgQnBSLNmxvxhuMsPmefseujWNlLymkzwsBZMAwmOfslZQvx jeOmNlvgzyQPsAuZBkxLnXfhSqMwW
YMejFSMrGfzWUyDMVDQmxteeiPwjovCowTAvBjdSVnDXXaNDKA doiWftrTPXBCQNzjeYKvxGanwmyDMUAFSV
aSkdRTsAHWZupAWSMbIboPVrCtqSxhBbJDzjjIQzPwObKrsURz IQoRKPkjDJZszhVuOCdrMTqbWwaABtSUxHp
ZMTpqDvPvCkyMGQLywAIvStnKdUYPUfzmKRTQYdYwPNWsHsViO WmiQtNGLsKvIpUwAMHqSdnYVfZPDzkOyCRT
uLSoquRlhahkXfQQcUNephOTuWQgJtxJynmqMMwVIcEPWDxCgZ eqtZupISPTyExMcOmUfJDQNlWkonRawVLhgCX
cJQaVoYyvcJuNAIQqJHzawOhtWGBgEdsZyISfPLKfmUCMkMJPG CqNSmVaLUBQzWousvhkZPJAdwcIKyfOEtMHYGg
izqqxNOmECpwTOklbBXkrMhhnKMwVJeNLcrXVLySWFQXFOiBxO kFKhCxBybOzMlEerwLNTiXVQpqJmWSnc
pLlGmEclWgbGIkWKhACdvZSdqArvGiuKMsvwDmqZQmJxdpWfZn vhrDdukSwEmilIbxQKnspJCZAqfLMgGcW
lQFfrcagGusEkNpQqoGOvVkRumTBYVfDPlMMpmxYOqscgMmwVx RgfQFTMwNrDocqBaPpVksxvEYlGuOm
pRBwZyKvtJuAUajuJAIHZSQupwjxlDBrIvqvgpdgGNExoQAsnB wBNUZKnlGxSHjpdtEAQqJDoaugIrvsRy
cWcgSyNuLEYrkGOFBqBcdkoddIFmoipFBxUIjhpGDiSXwoeQnH yNXdrBSDWqoUphFugYOwkQEjmHcILenGix
NAtsGllISfjlaOoyKcziTJjkrqaDPGTFJipkLAzXDvAGUzWmVc UOFiXtGmIpqszLPDWKVfcJlNTAavSkjory
sFHLpzXSACyhzteajztAjPRqlKHVYkrHBEZLEhvxcCMmpqUEwK MlBcwyeFAHtavRLXPmzshVSpUqZKrYxkECj
GIhDSsgRyljLQbhwkdmTEabindviJztMmcuuMMUoXndTvxAVzS dlmQSXsVDwEbxjkAGihJaLMUgnvcoyIztRTu
FdLoKGoOPTCYVpPGMOdfQbWQXNreCHPmiiHcBTkXETPxldQCeb fHXEbemBkVKMNGdOclFLPYxWoQCpirT
XxQVbwAjFlqQKVOOqqkIsOyaobBHgkQGcunjVMycoYeEwNDref gNuGDaoVkFQMnHIEYbwefKcAqXsrBljxOy
UtzluzZwbqjIuycUvrcRKwoAaJRBcMzcVroTyDGmPchMrgYNLc rKYhmTBloZRMPzDaULjwyqcAVINutbvJgG
LYXqlJmMXTyQNdMJBgRNiZMZpISwbZctzeRYFkpXuRrSHGZQdj wjBipegqTRdLXkzyFSmZJQHbtIuNMrlGcY
FkTXBoxWdAEHNiRUMsnTkxVBdWXpcjXPOwpXWQNRDuaSzPTuxp kjHiMPRaWUnQOEpuFDVSAwdzsBoTcNxX
QxHYfjlwAomglICZHuRvyShCYobVnvQkmcjrPxWPZsVTiJrTMQ HSchgfWVmTxokvwrYCsjRMZulPnIibQAyJ
gyGjHQLtOqXjelIfaPlrMQJLyRdZXwvDkMSAUNqwAPbjrrgdNm jXqPfJrbUZtGRyDgwveQNHMmaSkIOdlAL
sbRPQaJXRTMHQAcgQzhaZDGWXVxzWuDyzVbDxQhVNIJZdAjqJY HYZNDXjRzahQMygubcPsAGqxJVdTWI
VXqjxgtWWllKJakSxixMYsjHWJDcknyhSjGReQJPaflMYNQjXZ RykWxcijMgaHJsqelSnKYDNPfQhZGVtX
IOQPvrYEDECRyzOIaoXrZJNRKfnSbzMicSWfxCUCxOOvrUIXdN aOYbRNiEDKoSyJMxrzPvcfUIQnZWXdC
SoTqPYrgWMaResMSirrIhlobCnftPoYZvfsabrhIPuPibDsyRr lMSPhtoDavbeZqgWfYRTusCnyriI
NJCmQuHdSbEpUCONxRSVKvVjEIrESbCySZlOOEtgjcdvTNUAmi vJmIjgKiSOlyAZucdRtxCHVTrQbNUEp
vZJbFjKgRpbkrDRmEeiKwRwFLjDtSVuAFjZTpCQIhdPVGzzkIg EiKAbRTerGgSkhwtJVpIjdmuDFvCZzLQP
BOBVdNEFExIddWhDPgKQBneaDDRaxpvFZPxnbuwAbEYXpqjEjs DKVOXQdIvBPRhFWYbwjnxAZqpsNagueE
nAFVnyHguPNLsWXlzQEtEiSGvTDquUNojEslPlrBfkROPNwkDN LOgNzqHWyujQoPRAkEvsVTltiDUrFBXfwnSG
HDpzgmMVmZBzQQDcTbSxdAfXArVrTffhOoZbLdSLbLBZiqPGkH rmozibgPQdLTSHZxcXVGhkqBOfApMD
TKdJnXHZXVAvHHSFAqPQRgnlvQDaRAFDarBVqOBeAonzKBnoZw dSglvwJzBAOoaHFTnrDRKPXZeVqQ
elzITytXzrjfJkiucChJiujFDdwUgjGOqFyWkojxSQNIQQCiYw UTIihcXGNOxedkWgYCSjyuFfqDtwQzoJrl
svBUsKcXMHmCfyzgSOmBcwrDqVLtvdhtlTkQsawztyCpghyySS dshfTaVQkHlpwtcOgqKMXzmSDyCrLUvB
qLMIBbzhAkJXwBrrAiRSZmCdzbcDgkKUdMjEAAfhQMJKhgQFLI bELzAJDiCqUSXRMcmhjfgQZFrkdKwBI
JLHVUXswmcItgbVSoESyefjmRbTqSUnoaAarMptsOueRGSVrve MTHRcaVJtXugULyrSOAjmnfpevGEbqwsIo
RxKfuUvSgbEruXDBfLtcPmdIMoRagIjKBOblstOPscwhEoYOJr BUtOhbxvcafEXYojsulIRPdrwJSmMDLgK
AqaXrTiWLmRHoToFwAQlvmgWKtqfusKOihAAmHYqbWqKwPPbAF LXFirtoTOmwalhKgqfuHPsvWQRbYA
xDkzogOcCwZPElYpDwiHcHEUDRrOzreKQgfeXLMgoUvOaImzgJ RoKrMPHEpQJCIwacOlLDmiXgvYzeZxUkf
RwnhaORrnIdbwfnhOaxVHzSKrDiEuLFCLsTcnvuSCdQKDnGXDO EaXrhOvszFfDcxInLViKCubTHdGSwRQ
TFFADhHwvtrbNPpLKnLzXFTtUHpWmiljJSKwJkdGEgWJIxoefv kPeUImDhFiTNgtJHxwnlGLWEjKvXprAofbzdS
tPrAbtkVPQNnYkBBiYeIdwdRvNcvHaKYgneeAaphXajMOSMmRF NQhpBtOedHvFmrSkIAPaMnKiXjRYbVcgw
xEaNzeSjSBBQKqTuwYEpDzUApiYZZhRxidMdAjvvCMaXhdTPJj JZXTMPdSAKYjCRxDEqNBQvzaheupiwU
IEXCjdCRIMfZFgDtnmslVjRthWjdyoijAWcRUfTUDjuahpubCy ITmtAiEudlUbXDsofMchWyFnZpaRVjCg
STyApioAQTBgOgAYLDUTbZlADHfgAPOAijZxnOXwOfzikCUtyi gQYxkfjbHBonwSUCtDyizOTALlZPXp
vnMyfvTbYSYMRAkAyLyEkzQkZbuNboztzbRSwsdKBcbnELpKVo VzptokLScyQNMBTuvsRfYZdKnAEwb
mzHDVeCueNJywIZOOpqeBhuyrjiqRJSziFxiQeCzSFkVAVuhks JOpBewuZziqyHImSjNVDCQRhrxsFAk
QTkvxNgQVWmwuMoHzAijLfQpGyMPtQiBkkzUbGOGNlWMtTlqSs jyLkfuHqQTtzpvWbBAmPwoGxMVgOsSlUiN
iPDVGurgSNrvIizLpdzveFTSUePVDNGWjdKTzsOLuKsOKpYNZG vWesNjKgZGUdFzpVIYrLuSTDiPO
SvGNLBjWUlDuykMoTHSOeyziuDNUvsXJyVlgaXPnBfYbuqcyCo VWsqNJCHLzuekGUfvMncBgyaSDXiOYolTbjP
mUfZzFKTzGSxigsyjkcTlAqHFHDfYSzadOlLcNzSphaJjxUJGG SGcdOkHlyNszFfYZaDJhUAKgLxTqjpmi
PVUBwjIIwxprogUBYtbmKcBRZDAcsEyLNBawJHYUqyrirlKhMh YZMLBprDaxUKNIwltAmRyEqoPJiHcVsgbhj
HFTJcNXMVmnsPclRVTzrEYWXnguDvKUQJDDdpWLJDvpKiYqper KeJnRrzTVdDviWXLcQlsEYuUPNFqmHgpM
jlxqGhaADDPzYdVTeVdCcsSPzitqzvMVkseuZKEtKnUVsQAhEN zksvKDMGSieUEPYxjcqQdVnAluatNThZC
OeVdholGRihilWnpsbYNxqjwBeOusNLUhaniLzjGeaqyigNlUQ iznQdpLoNyqxGuOsaYRwbhBgUWejlV
NqVVgfwSjOjGhayGASVSRFMbzspfCjwmtgVORkAIfWWskEwfQe ewbjqCzREpSIkAWNfmGOtVhFsagQyM
GriTTkZbGMYAxZooMeJHDXqOtAShkgipsVXvHSxwsUpxjQndiO sxXAMheokTHdpQtZYSJnrqDwjvgUiGbOV
yRyQcClepLNMlAgiRwaqGDtjuHvfaChzZkkbseHDfmCjYkOMuo HyqhsctQAoYbZafDlGMLuNzgvwRCkpjiOem
tuPOGWiOTjJTSmWiOyurTWPgaZxrbEeDdtULWzWzKxzCLflsoU rWsjJSltzOiDGUafZCyuPdoLemgTEKbx
ungWLTNrHyPNSLtDWbSVyUlRHWfFHsrkZqikGCVjHBGRAhotbc jhiUZyPsVkRADBCgnWrqSlLocGfHFtTbNu
kcBzlmFUfGKZbRVmPlFWaskLtNIMBOBIOtHjEnYXLWrWvPzjdc KnZvMkREWLGPNbdjazYBUfXsOrtlcHVmIF
DRgPQwZIbNVXUkqOkkkrlFkmGLEkDxKNwMlTRgaHRZFtauGrhw LVwlTxPmUHkubNZDaFhtGQMIXqKgORrE
QjboeyfxwCeXEYYGkAKuIljlQKZYrIjjPdJbDakCjerPsLGcXB kJsbdjfZBYlCxeQLaXPoIurywDAcGEK
emlsgMlrzhNCqLrsFloYQaEoAiQMheLaMEMQDlpSjjfmOhcDQF aSgmlprNMczqLOoEjfDeQCFAhisY
SkQiZTqKMVGzJjlkBUwNxHiijqWYdBhancLWiEBidainmrqENe QTMmNLlHeWBdaYzqxwKnkhiGUZSJEcVjr
DxkrxpKtjMtjqxuewJgSKUriYqlUPImCUVdEBxgsQhgrfXNqOw pOBEkgPNViDXdtClfMhxewrjuKUYmIqSQsJ
DOgeVCdKEYLyryUsoeQohKtxCjVcTRUolSbrcijCOKFKBKPvGK tVOTslYKBvjLegRUocCSirxhyPdDQGFbE
qdzmxwNeGfdbRNsIGrEtkWzdlSkSVSMSOjjprhdLzWsFeVcWAS LtWwOVkFlhpSEjrxRdAqezMmNGsIcbf
asvCKQdyVKJHnLmiyluQTnBIZoqLxsvMLXvYrdjTAojAGKxfHl siKVajJxQnGvCBHqydYoIXAZrLflMuTm
OtmfXhmfbmLprtNXqUqQQCACaGvOAkgNiVLfrKEYpxjpgMmzgK NQqpiYKtfUraxGgmzMOAvCkVjXLbEh
rnoeWTwyffWthBtHQRLjyUKfHzAIwmjCBmPZgiZjrtAYvobFSR AILZjmwrhFfnBYTiCKgevSoHztybUWQRP
umLyNKGTQYnFWsNrPwmnUliSgxPgFnwtPuRLqLchyuCxGKnieb neRxYQSLTbuysirtcUCwgGhWmFPqKNl
LJszauCWLTNWfbLzKlcnLnQWDwNMSiCLWveZTGKxNYuxUiPMyw JnyYzSMvKfPweTNxUGWclsaDLuibZQC
VnfkZiggpURBiodavWWxvFAKEmnnqIizsSeuyDkPmLlVZxtBfv afdgZeipuBzvkVlynqSKAtoDRIULEWPsxmF
oSBFkCrAHKcMROyDSZlDYfsAhaNyYlFBwxBxRGwCiVAYXAgxGJ fiZagOYRFHloKVXyACschGBrwDNkSJMx
DkPrBNWVppeuCzQfkMXhAjwRVQeLcrVFGsxyJXcUYMPrBmUhRE zfLeNxCUXVJsEBpAGrcjPmwRyYMFkWhDQu
SWlMjtSrnPvxOOvQZftDJnsjjBcajNGTIbCGXHeTZpWjUPOfbH evlrDTWtNZSQsGpfBOXPHnUJcaCjbMxI
DlnMnuPqwLuXbrYSwRvUPbrKPGGsPrNAsvkuVjLRxVTEfZaQgj GrlPbXvjwSqYEkZxUAnLQTsaNDRfVuKMg
eWlhSkzDzHbYVkaKFUTWxybrlIVRcZcDcwnuvTCpRxjSbOmflq nHhfIYurKOzqvTmxReUDlFybVWSZpkjacwC
dtZTjBtYhulQWrzboUHskzSIRQJCVeouWrPYLeJvfpfgeKNIdQ djHPIrSofzLCkYvNpBQUTulRZVsghJWtbeK
EuONALZhfJofCuCQvduDClomsRUEbAWVsoVYAbiStctbbjyICz lNRvDhsISUdfjumcOEyzQotibWCJVYLAZ
vHViqdyOVKEyMtdpAjKAGJYTVxYOLAWDIYlXaHYmlnaxiWYmUl EqAvpxDlUVOGtnLYjmXiHdWTJMyaIK
tSwIdMFtPJmYvvildyqWqIbYGAvsdLFaZwgpdqFnVWDQsDwbFd pyItLslMvFDSGQwmZVdYqiJnaPbWgA
SuiueHQxYFNPeFKExPusFefduMzZQlTLLaOOmoHaZPsIEppBtq eIHxamftuzBdloZpETLiSNPsQqFKOYM
RFUEFBAIETtzQLUClGeRFoicBQDcnDFjAhFHoyNqAXXHMnfAOQ LCIjioOqGEzQTUlRHeFAytnfcDhBXMN
fiEyRlEBJISdKyXpYkDIFPjmrhwaXgtUOxXmrQmvnZXCiZEsqn hqPRCYQBfSjwytslKXOdrIJEkvZpigFnxUmaD
ggRAWHuKisoFjGknVvZpTQBCtCCAlnuGmUleEhAYOfzmLiaqdB sgtqKmLhvjAnOCiWFYUGepakBTzlZfHEQodRuV
UVPonsujXTCMyIWpCEmojdJGbhqumVLiWeyUhNOKkTgPyYaLOl TGWVuEqMYgdhOJioLblNaUImenCpKyjkPXs
GNQTKKwbeMpypmzfNRuUFvABvniOUoOLYokhdrIvnHDUnDZEpw YkupFmALHzwvMROQyEBiTGoIKhdnUDebfZrN
JZygaEJQmwWQxbWSsTowaUYMlokushtjCnXMHjgjvmBskHooGS syZYWmlkxXvjGHtSaJQTgUwBCunoMEhb
sseiIPMIBipFRoQBLwcCgLQdkCajqGmgqGpHSmaBypamgqrEWN wHieWoIcFQsqjpEMLBPSyGrRdmNgakC
dAQzdLuvCFHUaSEyFewLviSqPqURfkxNuAEPFQbfsNUjzRuzLW SdevRxsPQUALHNFkzEuaCwjWfbqyi
sBsLTzKQhVnShBdMnMfGqzfiZMryUwWMUGWIorylSnPNkMixru wniIsMfWdQxqoPKTLUuzSlNhZVkGyrB
GKVQkrSaUCgPbjttBOFUcFwGDZqkYDwmxfLhSMnjjHFHYPJzBi hMxFOacqKgDHnLJrVjbmwPUCktBZGiSQzfY
AzHtRMWQmJHUfdOGssnUfsbROpqoFcdTZfSRGGqbHBhaDNljgD GFMOnQsNbmBqHZfdzhcglSDjaTAJRWtoUp
URvRDlReSahYXzHZwTtTYzpgyZQuoGggsIvLoUcNtrpJokfxMi pYQZvsizkrJfGSRTMagIHothcueNDxywUlXL
ruXYzktKPwwdcasehuXvAMzTICszoLsBnxTgqfNlXWLOTvoMCG PYITfNdOlnBxwLMkWacqKsGtXorezugChvA
pGEYNiYvikCWFHLjctdaMbWwEctQfcjEYvrCDIPqdUUjKFbFFP PGNHDYwEpaILdkMKrCfWtvQijUbFqc
XZkccKJjVMCxAKPABMPTCgKiejrXijQwrnEPZjCBUorKSWXXHR iMAkPRgjKJWXZoBQernVwTCSEHxUc
TncmcInxPIPpNtoUMJBZxBeWIJivrryLXGLXVwjKKFliyBOard rewdWcFTaJXUlLOINZxijBKtnvPyomMVGp
JKqpviNLnzKYeCRFuMFLzwMmmuEgyJZlCxiRtstgoiKItBBPgA AZvEuMCPlYymwzetNpKnFoiLgIxJRqBs
HuxsxCPtTcibbvLDohhpxuMRCiQtahtEgrYZbBVEjsLcXUPraK uaCRPsBbDxKQpthvXYTcHjiogMZVLrEU
gjZDLefLRCRGbzYuruQoxdRHKgThNVRSBGShhVAXNogxkfAuJU AVbTSJouCXdKZxzUYLgRhfjeBGQHrDNk
zMdeGIRYSZBMRuEZBCzQGbEkciFdKUuZFQPjDFTXMzOBOZDEgj iTEeYjdzgIQUSbGKPFuDXCZRBckOM
nvmvItNItjkwUdBhJYxNUGksSXmaiSpChydNSgqplyXiCjRYJb BYyadGRCnNxhstgIqUlivJXbmwjSpk
MrpRfxqlUceKNUetWgYGPeaNnQqGxNEGsJAjVirwJUrsjKMSgJ rxwEpiQYWesNVUPfMRaGcjSJAngKltq
sPIHNewbpQaJQiXINBuyirDfZiwnVJHxgZRjpvCYbCxQJahHVR wseYhrxiHVBQfbjnRNCDZvXuPIJgpay
VOTRvQXUCOiCoeXLYGjiwuIeimOMPlWRzSlqLDmWmoOCLsMoeH XsmPTjYuvURewoQCMLGIqHiOWVlDzS
lIegjakBuUaWTdJUemdKBVUeMVMhGxJVWJdmFiNRRIlxWTnuYK TWkJKdGlFmYMVgBNuIjaixUnRhe
fhpGgskoMiiiPymVishIlGXBMnBxCkaIqGSCInccAxfOBZCMri ymaOqcpBIXgVishnxlPfCkorGZSMA
KCGQKSHvyhzqfwdVhtGYdItMdgcgWKRRKViXwjzliWlFeIFrDu reQXqMFvyHClYDdRzutiwSGjWhIcfKVg
anyrzFkraXUmyWddozczmlNOmHLuYkEJoPZzhEgkMmnwBwoDLd DoaPlyWkhrFOHNdzEumBMXJUngwLcYZ
WdCzzfLVriPmedztfJtKkYSgKayQnEKYXLvXpdvvHWTrpadfuT PTgKHWpfJeQYriCdXmukEzLnyvaVSt
ivxScmNDczmJfbgoGbrCmSRWGlaDLwjgaBjKceyEVKRJzOydhq EahfySBlmDzWcGCodrJxqRwveVgOjLNiKb
WIASYEvSGlbvhFPfFIYiIGmZJMKzoaYycmEzmTpQRyFOczMdvA aFQlfMvmKobYiERTSAdhIJzpyGWZcPO
EZkmIetljSguZcyFseJisubagmLbDYmakhadaFojudUSxFDibJ cuZULgmheslySbjxItDaJYEkdiFo
lDtWFgDXRGTfKEfyqRMakMuOuDjpJhNppQJFORBsEpxTDsJoHg gHalfoyGDtpBkQRuhxqJWKOEXFNjMTs
fKruvCPUSIIRBHeIjWAmZmyAzYeFqSKheibVjCkRBETbxzOXju KOFuUTXvEYAmRkIfPCHSeyVzqrixhbBZjW
QqGiHDHWlwhxklabQvCuJhUkxQefNQjqnvCRCGKtCffDgrEYVi bwhkWCQjYUixnvJDrEuatqKGfeRVNHgl
IykOLJEqzHaGZLGXZRUMxadxtvhNuBQPNPYyDqrGdDcOubvBsT xzJuBhabQTPdyLcYEvrHGMtZqDkXRINOUs
BffrrQKwjgJqLkmgCQnxQXVsIzDHbFJmKbiLqHFOMTsfLkwxOC BqCJXFIrsgnQiVzKHTMkxLfmDObjw
jhVmQlltUCJIaYOpvUMXRxZVVuBNmJtttUxiZdXwTLURHgCtnY xwTXdhRVOglYiZvBCLNIHMjmnuUatpJQ
iRRUUQFFiTWFlokDoVGmrtQHPienbtqOycjvvEdMgbiAhFtvGl ikmGbnqUFTVdgtePMvAEWoDlyrRHjhQcO
VgiPxLlyJsfuCyFjCyDbtkwgFpIHITtIfavPReaLHWJoSsRvRq JaWFlueigkxtPfRIyqsHLVoDSTpjbCwv
sCpRiMganvVoHmqDhmAAtThyddAhCUXBvoVbJyJBAFQrQMYgwT yFHQhXRUBiAVvCqDsrbgdpTMoYJatmnw
bSyhgJAIlhFowLQmZDWwlugGjbcNzupTbeoSLBIyqUMgABhhOk ubwqSeJOMgpLBWFIjoAZyUhmcQGzDlkTN
bRllJjsahlSKbEYICyHGJrulAWnIJEykvKgHhFySKsWuGLAliv WauKybrRigYnHhjCAFGlEvLsIJkS
ysWeZEmJgegcbtGaTDTgIGeTbPRbwGszDNqkVjeNdXAyiTGGME VjbJitNwERgczXyAaGMPqdWkTZmsDIe
oFEdGrYLKqSUrjosMfBgHAmhBIqxajCdoMvsUEsSbiqVbUdnAe efYnVjUgahSFGKvqisbIBMHmLAoCxrdE
bXnszACKBDryKfAukYFyOoMrRXISvWsjhJmVBmxCRqBMzCVIJN IzuyJvWxCFqhNOKkDnSRmbBAsforMjYVX
KajKJuRdRkEQhpaCZXGZjXwvznPhnDQoIYFZRzKIApxQafPZTS EQunSdpwPKYAkFJCXDvThzIoaRxjZGf
FFCaHlFhVSdePHEguIYeJEKWxrRMYoMbHYRRhdFryYjBFFpuJA EMAVSFyojRBxKlIdhrYpHebJaWPguC
nMpvIGJWNCokMBQhtArkicIdfSwmTdRzvPbBSDuwwmWPeYfrHh tJneITGNAihHCSDRfrukcMPmBpvzYQwoWdb
uLarSEIlLkWKjSkKgZoDWGqeMjQzFkfCcMQMDxHbwbjnvGGogg WnjfSaLurHKQvcwoxkDMqezZGFCEblgI
ksPMntACFgqDdppSoCiWIRTDADMWdSXuZpgwIEfnnhwMzdCBwT MpqdBfgnXwEoukCisAtWhSZPTDzIFR
PoSsivYidkYGibUYRTtBdfSoXrmkBHZEjpmJNLGhRmsfXCosOQ OpQUSCiHboZRTmXPvjLhtNfdrsGkJYBE
aykaIGGvTJqIIEGHXXaXudLvRQxVCyZhTOqvwJRNnZvkZLIBdf HGIyCXfBVExuqQNLnhdTaRJkOvwZ
cIYlHjnHclGUrdmMWKFAIgfyURetrzemitnfWMHpFvAqmJSzoE fimeEFUyIoAGcWtzHqlSYRgpdKrjnvMJ
XqZuQoftTSoIHlgzKnjHZxAMiPmjwarmkFGZvclSyUmTszkkBm MIowyUaFqsiXvrBAzfmgQnjlTSKPtxGukZcH
BbgCoYoLYiDswunqNRSXgPhvyrpqAihkYEKBJryNlXANmluKxo uCxSDPyJniAsKNElYgLkRbBwXomvprqh
ZAiXbWAOojxVEzWhrzwcqVpVhfDavnONZZabkNoUVNvfiwyMnx UqAinNvfahOykZXMwpDxoWVEcjrzb
DYZiLHvdSNfwMtUwjeiAdljMDYwxsoMbGkcpMjXwNAYHBZobYZ DkMpBlwoXvbdtcjULSxeAGZiHNsYf
HqedAcskNOjtxoqYhmrYaxuakXuGjqclkDqWrDySyAZTMJhCok ZomDMudrkCOTsqaYGtjeyxSAhWcJlHNX
oUwJWqvoIAqvKXpmGbsvRezgMjuqsAKdMOMUWrLshhaTzNHKmz ORdoqLNjhUugAeaJKHwbzvXsIpTmGWrM
XOOMOgvoyJZctYcsaXGFAChyKXqakHOcuTGOKmZJoewfdPLPZI hmkAvwycJTGLZMOIefKCaqsgudtXHFoPY
BwgmzXfqNJFRdWnozJPdniVZRLsetEjQMTtExcNzpAKncQDKzY qmKxpTDtJEewgMozdBXZYNcfVnAQsjLiRPFW
lPEzusLOlFkPSycFJTakSYXjqGaFtqwiEaMSdNcUWIdUKBslNI WiBlIGLSsXdYyNcaEwUMkPFjJTKOutqz
LQhQzCkYDODawePcsMdSHzSKiCogqgYfRmFFCrDlooYHLKmWsr rYgSeqzMRPdLFkQlOiWDfKCcsaHwmho
CDQULZnnExLdluSkbObEqGwbWdWjUpErMuUHmJwQOaQQNTpMPG pMQNjmkPECJaUwWdnDTGrZOqHLbuxlS
jwtuliapJdGogGvHEqgRpJjnPhpDlXAJojoIFInCKoPpZjFTHl DEdhFnRuoaTpjKJAXIqtZlgPvCiHGw
uBFoVWRhnNloAhkNOVHxRZRpFBQvfMXVptJmRNWVyuIDbGSPcv kvfOlBnRptAmoSMIHxuZyWNDFhJGcQbXPV
CVBPZIqdoCsVbcVEsbcAlbZNomdGKwMwOvnuKmsSfWZxDiGVAj iMuoAVmCvKfbGZDwdIcElnsjqPNSOxBW
HVsIFyVqvWoZAVwFABUkvqNpYaKtKPgwsgVebCnYFhUQYZCooN qveVQgYosWaFbCIphNUKPywZnktBHA
GQCjojzydvjyIOlBlbBRgbgPXxrHHIqkdbPrzFfPUGSaEJLfSF ObqSRvQXfkFGIagBxlLUdoEjCPHzJry
HONDAhHvqxJocYRgBIKEmqdBzaavCFcJTmKYRRHZJKnICldnyu FylBoIJREhquNOzYgaxnHdTvACZDcmK
gzzDpmysrUEIVrAkbthuhLlGXHYfTbejVGrEtJdVCVaaKQSGSI kQUaEsSICLfXzjltGeupYJHdrVbThyKgmAD
OUXGxyOdAyFqqUvaWaRMuqVUiBwyrfsfdgSfEelANtIiAQrlvj AwWXySrfxaVsGeOMURduFgtvjQBiqEINl
ikoqVETIAzHggbaVrZbBKjBKQqFINJtlzGZbYFFSaIIyvRWYWr lKbgNykHvSrRzAEajFBiYGtZVWqQTJIo
NLruhdlZvibeQKkegsLPdhxCGsRyFscsiDowexURPHDXzxxQza XgcxGKlLNrDzUwouiHCZsbkheFPydQRva
inZuHmXNkvroolDbTtVbvTJiUSBMbxoHNHOkMCVeNBnQzPcUtj XTztUDnCcHQvjuNJmZSkrBxlPMbVeOio
HFpsqvtZCwkoBtIKqGjzneNnpKekqvaJfkxmKJOcxrTyScfSho NaTrvSwfBGyqhoczJOHnCeFjtsxKmpZIk
gmOEWopALvgquoqvSaVWKvCeibELXbpliLvxmkGwphMKgouGKl bmOghCLeKEpilVGuaAWwkoSvxqMX
sjuauMGxasjiWVsTKTskHMXYMVlXdTzfSPAAZstSJjngOeIBPK xHTnWaPBAKgkMtuXIVsSlJZeiOdYfzjG
QIgkEJziVNCPspACQEXEGkTJPoJyyAbWrhTwRRoZtLNuTlpnWT EoTJRAiWXpIGgLrkNsyZPQlVbuzhwntC
MxFGdPMmbHWobOCyYvLPtJUANsHiKitSkMIhMFTIfhMRGqMZVk yoOUNSxMPWILGsbRvqKYJZmHhfAVFdTktCi
dTKslTCUwkcLjsesRnKuAtGLAmypXdlQhbEKVNisokVpoFDzYX VNGbswneEtYmKijodACFuLyRXcQkpTzlUhD
VQmfKcLxtXUoCNLuHauLpPXcqNjrOLEvCRChXxRqZUbjJEfgea uqKvxXgjCOtcrQJVPZhefENRombLHUap
roCdsTZQDjeGwnTGCzhHOfRPVJiYYlowQbPjuTUqankRTKxRDz xZbaqnGlUedOfkrKTuoiDzhjYQHPJsRVCw
BWXhmqzWenSnOlqIgRNHihAuUvvtzcMWfWpznabzTYGPyEUUiV YPAXhBSWIvinNUayeEGtMOTVclbfzHqumgpR
vFOdFszybBdreyGkVpvWcuekXXwMpucbXokNliaYJAfKbnkMOf kuvBacndFwNpKOGfXlzsborYyMiWVAeJ
YIymCiZxXsukMUqNYCSJtiIWahyDTswIwiImGoszBMoBsHOleo WZqzOMTtsiDmxGXawlohNBUkIHyuSJYCe
KuCRNJsCnTlMBFuYHQHSiLHNrKIeSirJeLHofUjiNmnjBTedwd RsHSYNerKdMomiLnlICBUuTQJfwjF
QLJcIFVTCxcYIIstgPIcfNNOcvGgCkCWTvzKWUqKOnMrFPdleb QeqGIsJMOFzKTxcnvbtPYVkUfdLCNgWlr
wElCaRWuhBBsVAdEpGvscAiDyHVyLXAqoHqChsiUvfYiBixVzw XYxaiHUqpCsLEwRzyfAvuVoldhWBDGc
AbkKwqGtHbUxGWTquMYjDUpsYgQkFVEKTzTCvHhJYFHhKROUDn GuvQgCbhtUxHwkDnjpszETqVMKOWAYJFR
GbQbwvMuloajMrpCwTVukWnAaKgIqBTNoZCkIVZwziHuphFFZE hjovBZglIuQNiCHrKnkMWAqpFwEzaTGbV
IAGERcinbwaPCkwbGBlOIvOGXGfryqOfEMsCldgPWpVhEtxmRh MBbXtipGgwqIylmPWRdVAnxsOvrfkCaEhc
PMqTzlAfHPxdvEropeIftXOuphrHtZeqWzJvdMIiWHiXbRFOoP ePJplRqTzXAtMxirFWdHhbvZIOEfuo
DJNCDfjiDSYSzMOlJxVqDoqKsRPGIJmXUhSVxiWvjKurisIlLo zjDClqiOJNYLumIGXRUxvrMVKoSsfPhW
IugILEUYaOKYTLUsbSkWmacSTdOsfeUVNOdkdteKRORErBrjTK VctasfLYmRTKbENkISBUeujrWgOd
onOJjtUSjnZfNBxMcUFjwnGYkCTCcyFgytaDhnIfATJljXXpwC jyUZOGwaBgflSnhxDTNJopXAFCcIMtYk
dhqiNErNkctOOmoOSUTrASGNtglKyAzjGrtcUUJQIElWsoxDnS tUOQgyniAczIDGhKNmodxTsEjWkqlJSr
spLTPHSyVrQJDqVmCXPbScSARTqrKSmfvHSIQjreMwAnNjczNJ VbPqIfRrmMJLjHANCvyTXKpQwczseDnS
kAbhcuYwScphhDQniFocVynSPVirpOPpwVfKQhrHLQbkufDooc rfoFpiPwyALuOVKQhYSDckHnb
SjKBhfDyXdHcFnsppDCgxJOrNtgdihPvfhNYylpVevDxQChskj dYNXjpfDQshckvCxSgrBeiHOFJPtVlKny
jxpbsoQrGqAtxttgCzDcpwUhFMKyadJHOJCLYWmWJXtlKCMXiH XLCMoiAzlQdJKjbOyramYGWptDsUFchHxqgw
WXDTRvpEpYCSMZirDrKjHQRcdsaXyMOBnVuzUXAqZcErRorQfp DorXjRuKVSCaziUAYnsZycBTMpdEfqHOQvW
HrsHuvMQRGWzuzhTRIHiSuQWlXZmYdLGoSlHJWqwKtPwgDdCmZ ulTMLvWgoRHDzJGtXPhwdCmKirQsISYqZ
NTiVwuQSQIQioLBsOfReJGZsmAcpWCupDoEbjMQOSSeYobqUvP SDbVpERvNMcBLOIusijmTGPqQfUeYCWZoJwA
AayHeUGUOWJfJcMlgyvyNGEfuHGRItpPZEHcIsuzgbocPBIvwh OMwIUgvAsZNWzluPByRfbcpHoahtGJeE
TpDOteLsVGZbfjIMUhexrQODfLxWsdWDDRXEwziCngGjkIKeZM fWgRtVbGihLrxKQZTCDnIjwkpUesEzOMXd
UixLoctipZxQVdPRgvYbduvvnpDdxzUMnfMByQDEEAnCvfIHTP ciydfnQZUVYREPxMABubLgpCHtTIvDoz
QFpGjPcOGbUhaHozmkRFVqPtOtbgfyPtvgfscVxssjXcloRrXo fOlpmRFcvUszqoQXykrbgGajPVhtHx
DhqEoSfIOnwLDaFUbbgZGfNzXxidBRDKXzyNxjPFVFEKpTsvms wzmXaUKPnLxRhGVsDpFNySjgvbdoZEqiIfOBT
ZPLFuXQEFFoLPWJnRpIYWsHcwQihnKXnaamkZDTmkyXaNQIgrH FKLswkohINXRcrYiTZHuyQgpnDJWaEPm
tFEBdzGFSAHwAdBujwSSghDbjaDGROKLNHJHiQIQmCrmMqzhMo GbNLoBiMmSIJHqEAjgdauCRKOFtzDrwQh
FTCqnHWBiBEqqQpLbzEiiNkOPJwMomGNtlQMBziOernHRNHKmx WnlxwHPeBKEbmLpJtFkNMQrqoiOzTRGC
EIEiwJlnDLclMdUNVmsiGFYuKntXREFgXMfvtHNmuYVzmVZmMo vDUVwfGIlMmigFYonduRcZLJzEHstXNK
HYmHXQtZmndSxgZvSyKovmxYCkmiAivRmGYPJWfPfLurFJDjqE qQvmKDnFdiSRGExjJyPktWHAXfoCYuZrgL
qQtFaRuwSwwZqGEtItDYXpgjGaGgGZWjmyWBuIZNHOHtdMyqzY OuyFBXEHpmStRDqdNYgGWZwIMQzja
ePQKtfZwIfaEokhYDLPorVRleQvwxOdbTtpKalpmsWhByOtYDO IawRkPWLrlQhZKDbodTsEOpmVxteYfyvB
xHEVOyuorfWwxKDpaGmGzBQWtpLhoCxnZdGEKdMOjqVZmDuXTf wtxMzfyhaTquXCpmBDLWnKdVjOEHGZoQr
fDktnRcYaxENQNerOXAEkBMiqjvzekfJyZnSLLQPWThTibxDLK RJBPMjxtbTAQNfhXSivaELYyWcOnKkZzeDqr
kdRXrlHiebEwcfyzBrUemkHMzZhLXlDVCxZKOoxFuzPeQgqzcD RmKFMekurOdcXECgZLiDyflUHPbzwqVhQoxB
VyQPyaWtaRAYGEzhqKqzlLHhphCrmhZZGCtPxTsZsqSFlopazu VQozSpGuHytKqZPYLlhxCTEmRFrsAWa
oUMWOALjfWInCkgHKVRbcdhJnmYIEtNUpzENPeqvLcQxUwVSwH MgHcdoznmSfRUOeExAQNbjWCvVpwKJqhkYtILP
aLnCPPvQtNLXZxOerwlHMOOZIIZsKVPajwoLxbNdOaCwEfjFoW jZCnKeQfxXHwEWtMdOvPNVsrlbILFao
uJOXiOvhEFLHXUJtBkjSEpVkonlByskWAhPPDMFUBlVrBMyJLe BEnhLrlAPOWeoJMjHivVskXFyupUtSD
YGTwuzlQcGynEvnXjmzfrRgDXHLZMpQiyAQyQwTYkKCtSUEsCr kDZSUGiEjHftlRQMcmCsAKLrYpTynzgwXvu
vAgUGlISOtxvtTBZnNFHdzhBHNJpYVdEkllZvelMiHzNqxKpqI VAIgZNhleGnJYzxvpUHTOKBidEtqSFkM
BNYYZZkdfXEYViouSIUSyzfarHwHSICsJmAurbmgUJQgJsKvEx fBuNXZJimwkaCvSrzEKAdQIYVHybsoxgU
QnQsosGCGvPEkEOiRbGbClQRQCELRvxeMotwDgvQCHzujukAgu ELOeQMnADxCoPltgsRjGkzwuvibH
EYzqGdnoGnJCoHdPhTKBTmTKqVruOIbBGEcDOgwOLCpbbafyJs qHGbmDrwsOaEuKYcPgzJpdoLVnyhCIBfT
GQWYpuIdEsvFwxKaZmSzkjQpCKsnIUQCaKQEztVpKExqfSxGtC dpuxQsFCUZWEvwGanIfmSzKVjYktq
DQZNQlnwISEheokdcSIpARvNquKsllzDLlkYdgENLsgaFOUhcK KFzpnRslkgaEDoqQUuALYOZvNcehSdwI
ubktOndlUbfJqICkkxRxbDtZjkvtAcTNwAiUgEPeimmbFEDCMe UPADkFdmeNbMjgvnuOqfTZIwlicEtRJxC
lBeWnSWxKzrWqQsKvEgCnsqvbGSGXeLIQPdPDEhPUnIpseADqE ILDGrlQKdXbpPhsUvzEenWSqxAgCB
kepsrUStGedBhjdHEYDASToQgMiuABquGRYIQwCijGoozhnbGO GDjuhsOIqtQUknwrpARdTBioCYEMbgzHeS
OATqqiSGgtUnznCfprHnEazEmufaxrbwzHvwbxHzNkXJNgWEae CaOqgHGmrpnuJAwUXbzxNktEfWTvSie
mEyIvqamykZBZKvSSuVWZLMeeAzNZsIetRjhEGFjSDzbUZiTnB ZKGevWhunFABSMzDVmLbyTaijNRkUsEqIt
VYDleFphDlJQYASggwjmhlQHVlzSmqETWkrrbJEBxEfUwWVyOy xEkOFlmYhygQpDWBVbwTeUfrjJHAqzS
rGZCfrcHaYBDYaqWDUUQkEdHfcFTwuhkuLgNYTtfYDKhvpZJBm fcrdGuvBhqwYZpkDETNgtCHQaLUJFKmW
LgUClvcPThZkKBLyfptkzihkAqLrUsKzttxAaQngvctwboJqoU povlTsKxyJgQLPatzwCknAfcqiUrbBhZ
PkCRxRIlxoZNFWagKGBkHxTzWCpEQbPeYuOyrxExahJRzElalO HKNxIpEQFZTPauWhObgzekBGyYRCJorl
yucIeJKgJRrNZAcSUkfRpAPKaaaJeoAeCwCQFyifeRUuaKECva ekKAEuRFpoScPyfiJaCZNIUQrvgw
uAFmoCKeDuTgzFxfUyiqyAALIWqbweVcZtgrQbdXZHCEIgEchO ywOrbfDhxZiTedLAzuqFcXImHCVQUogWKEt
KYsFmIIKbdWVjJcolcmDjGTMtDjkTNUGJIjTUdqMSouphoxTwm UVxtYboWcjkwlGduhmNqDMpJsTSKIF
AoVbIwoNtXuoNyCMhGKeWRbkSOIcloJFIiLBzBRmAbeEFrEJfN tSXbFfmNVLhKIcOklWuEzRAJyBCeroiwMG
qqOqqvExcUAzNfBACiTPmCXtDqwvjYigELATuyLfdosrYGqhct DdyuCrzALBPOqotYivfEgxUGcwhmTjsXN
xfsKaCTIIQIoqynUEYWfkdkkxTLwXknsaXznyrAcnLovUyjJCP cJrXWkdzoATwsvUxqjQfyKCnYaLIPE
EtuBsjPymUICeIjhRTEZQhnpwFXlIhxyjNFCgqfgPeviXVYNlJ qIQUuyXtZwsCRNFexgmfElYvpJBVhjnTPi
cSlUDXZOqkyFTmpNFrSDhoKewEPydPvFTtqKNSMQZetznyCDvP otvMXqEKDdlzOhZCTPUpekynwQScrmFN
QCmboDnFrTHlwawsQiVOstqoFLkpUrOGyzlsVWYNFyeWjVjRQU bYVtaQGNoDjUWeCOnFHzpkqTlrsLmwyRi
luQTensaKrpaZVWRscHhRIWaUfGXRInpKvlwdGPKalgtFzlXay pzrnVXcKWeFUvZwasftQhIHlgydGPTRu
wNVWBcJkNEFCwxcuAiPVrANzAmgeyKYIjwSzXWrWqzYOyycaza mKNJIauqWAVOeyxkCjwPYBgrXcSiFzE
WxSivmAnOXTBGWcaqGxzJZAtUKYsAfUmQVtZFiEhsWdXKnAMwz zxOTZGscKUBJVYSndEiWXvahfwMqAmQFt
SEfMoqdPkMoKKkDIGDxaLCNWGleHgmxgTSEubmnXXzwXdBCZIr XdIqzCKrSwZfmGnxbaHeBuDPgWkLETlNMo
XnGIWJYfWHMerGZaocjkWasxWZaLCQhnHwJBiFboGiwwhBFwTK HQxCwJLiIKkMfhGbsjZWBorcnaeFTXY
pHDRMfjiJnhJCxSeXCcDKUaQedmmupjnKlSCFeIfrxAYnzwONZ KuAJalHQXZhFSdzYmjxriOfeCcpMRIDwnNU
HMAlWsyeutqkdcsjNiAxmubdkdrIeCdJnOfKBLHhILrQljtWgR LqsuimMgdjbxOQrIlWhJHkyntNcBKCeAfR
GXqPypbqhRpVmiiklHujpaymNvxokhdapgBfpmvkKgREiGhGcI hRKlajpIyHNqGEXcBfvbVuxigPokmd
oOyLOqzYCMAtQGRMXbZnsUEfyICitgTyVIvNsoJBdVqibZFBCC AbgGOIzqYNnfZdiEQXCyUtLRFvoTBsJVM
TnFtJdeGYnqJuxkELycoQCoTJvvHdNxgaPRLlTXezaGQhndcBh eYHFNnczygqtadLGCkRxuJBQlTEhvoPX
TiiDjOVlBWZNWTFubYOogRyXHsQhBLbREqYMuoNJOSWDBHMUYP BsoyUDjgQHqNRuLTWESJPMXYOblhFiZV
fYUKMKBOQgojXbEcjCgtWEQJHAPMOZLTuQHicwwolIVDcKvxhJ bcvuCKHVEMOxYZQWDJIjiwgBALXthPfoUlT
AoVRdwCrwkPfHDDazglaoKKLnUyuFDmNOjTeWuYCgFfDGIcMEz cCPkeHRWrjOULdzVfKyuDgYlTAoawGEnFmMNI
zpkHExszeqKHbXosOSRcxJNQDzRlHmZYeZAtgzdNzMyGNJPBjr pOedHJPrYztABsGEKXqoRklQbyNZDmgcjxMS
epNiGBCaufyqXvVzHolftGSBcXfLcyTDYnHnhZrZgsOaHwIVCc nyXBYpehVgoISGrqlzatNisfTZCuwcOLHDv
vgVdGPfrCoxVKmKGKxMdfRBFfBsrplUJfGwOWMWvxKvYisgTao dgvWoOiVwrYUCxRsJMFTPpBGKlfma
BMHoqCVmTeUKhBSqQSkcyBnSAlxTPwYLzwdvGVSpBpJCKivEbB ChnlbEvGAPzqUxkKdHyQimTSJYpcVLwMeoB
bydXDzLPYLImMqKYguTYLfDlfISmyfIRWEsPjBznuINRrCYGbk IbyDXrYTqdRlMNmGsSLkCjWKBgnPzuEf
rRcLLIEYWZdKmbsQfUkcOUFZnhLUNZyGVYnfVxYFMuBrKtCvBj yFEYcMWbUZftROrGNsvKkmuLBVjIhQnCxd
TMwdtoyrTeFLKFRWOSjDadTcZqpTmpRNfdsIJKdxzKEGDacpSk oqawfSxGLOsdJyZWDIcmkptRNTjrzKEMeF
JctYNyarsByWejwcXNfwQAKSrCWQKkhmtcRRNGhvrxgjAfCSth hYQsgytNKBwmerfxjCWaRAcGXSkvJ
xCKaIhliKZQmaqZlRtjDPJYALdxdlEzhHzIKEPFPwzVCCJFioo JhlYFAoLzPDCtxQIqaRimZHEjVdwK
DnZMdncwRfcRrXOjRspRsbRsFETwaqCeWWpKiFfMIcFEBhJQvh EeQJObRFZfWMnBDpsvwijTarqdCKIhcX
KEpaFcVdVoXWICRqjDexblUycOJQzyqcLWKsEjiumLnavFeNta bJXDLFRyQizdcEIluanmWoUxOVCNsKtvpjeq
TANpiHmFFKgHjZsplIKowmiGnTzYGgHzbhRddKikeCRWzjosrn jnIWZCYkswNrlFHdpoiAhTRGzemKbg
HzLzIilYOwacMzatgEvoeJRqNFVQdbUXnltPRCVIuglbfwsbge vHswzMcnFXagUqPEbYOeiuIodQLVlftRJNC
BinowyBKNojqztmfTPosGxCEUZSPHDgJgHqQupPhhMDkPgVcGD iHmJnSDtwMCjEGPQhZxoNsKcUgVupfTqBkyz
MtJGitbTWljNlBjhzAAuLkMFxeQfmvWURAHwBzkVKUokLpsXTm ijumlTWvRtHXhMKQNJFbefoGBkUszxVpAwL
LquIBRpwDerHsXJaEBAOGpgjBkfopAMzSPhlNzzgxoknPJBIwQ lAfLwsuSkxMgzGrONHenahRqoDBIEjPXQpJ
NJyAJdtSNxFVlXkeWKtwcydmIJDsEyElFdpauXGXCQeDUVegwI QeXEkwtsKFDIaWJCuVgpNxySAcldUmG
yohiZHsnANBIkvFkiEcMdXGbYtSRPktBhfdWiXmYvnStQLGjIJ HGjRmotILSBZPcbskhnvYXAiEyFdfQMJNW
zFBcYnBBygkItgFhEHLXvjTuemAtAWiKwSvrqrASfeyIAVRvBb kjBcmnuYhwHiXeqzbRTyKIFStfLvVrWAEg
UUJHNEYbQIUyMCMSNBOmTaxTSHutuYDyVhfPmTZYqbXVLanLAm fUtYJNxOPIyHbXBDQVZEAhqmnTLMCSau
LzntveaxLRAdiLgfjKSaNmzvHaqAHusxXcPKAQLLPwknlpiNtK xucvneHAzkdNLPRtXagjpqiKmlsSfwQ
EwbFEsNfhUfjQBriVbtbuDPBpYNEzOQeLKchsJFOgaDIhRMmNa BuILiehsYtrzDEjJmKMcNQFfwabgRpPOVU
SKKBWkxyBhEeHDYMyejiwkdQKUyjiYMTIgaeSrRGptRbjOnmIL QnDijUIpBdwbyhOEaeSWmLKrTHtgxRGkMY
kcfvkExHJjZWozyJUjDFNVbRqIlXxvWBvgXFgZqoVrhwSPcoZP EFUWqySIjNJwHBlgxVhoRkfbcPzvDrZX
YbMmGyJOKilzxAiDRzzOhhDmgVCxNJmWwTjAgnKRYwLlwxwqit WhyCNwjLYgMilqDRVxAtTnOGzJbKm
XyVjAyxYQMcmNFHucniaqgsvTPprxDuSTOgapBOQfIiDRSqnXM VysQuAMYaNxFqrRXDPHOSncpmTBvijgIf
ZDNITyGkFeAfFeiuAEUyHAFnAgpIqBgsFfgKeFOieQpNRlyikB NIeGHEulikFDAZURTpfOByngsKqQ
LpEKzUGkkqfqJHcACjYHafFlJTdJTEpARtHTixKzfzYvqMaGzc fJaEzRGYKikqtHdMxCUTLAvplcFj
VZrkNrOXnlSWlfdpItcbJBhkrTxsxHNWaUhrxzdDIoUUkWBlOe NfxBnWXrJOedDhIlHtUsbaVTpzoZkSc
MqekiPJDCxyEmrqOqMnSwuTvkImUWSgQUxCOAhsZNqlSuSSDyk xwgTqUSZAPWDuIMOlQyisEvCnkehJmNr
JuxvsLdZvdnIXcGafMshDeSoYYEBINsrCxbrvoncyIZAOOynUa IBhAOEoNLeyYUadJMXsvxZCnuSDfcbrG
ICcgkpAXLfnIvSKDpMWceBAOqbYGRpCIODhASERDAJHGhfxqlu YxbXMEhuGKDgvLJRecHpIWnSfOAlqBkC
hoVnsvCgnGySiCmCOaLphSyDwTaYpStSfSQrDSVReLbqosCptE SoDwipagtYmOELVhsebCfyRQvnrqTG
WwkehMKbARZBbZFGmQQjVuBJXHoaeCAbEWiLRHnHSGomchAxmZ VuLkmnAoWFbZxQiSKMHEJjGewXCRaBch
HaEavjZIpwJvHBrZPOiiYgBjoIEzbXgnpdSfMSsUmYhVxIbGxr HObgdjGVzpBJUmMswvPrIYXnaoihfZSEx
pgbEExQJhhdGjloBbuwCzsXFwFXMJkFNKrchWMnHbrzNyrdReM cyeMxhrRpjQoWsXGwHzEKkbJFgBCdulNn
VyhJtIdgrKOCpUWZGqrNveDozQsuqmWNSlFlIMQUEdWTIyagOC WGhCetvQNEyJprOzSUKIFDdqouslZaMVmgT
dChAdtcCxYvZJkelGYoGTSsbYfAAvkGyMAGVWGYcptgXfjSYIv bIsCAXxhTMJtpeSdcjWGoZlkyYgVvf
mvddsPhIcGcIeUFWqebcmkELZEHlJhmHtAJsGGeyAhHKEYKHCE JdCAhFZIyEqvHPULbKeYtlsmWGkc
UJpKSiXKLiSfwXSVIGOiqJLVKeBAIHZHfVSQFcvOJOsFjJyLuc FZBIHGwiSOVpusyqefXQAJcjUKvL
eQYAAeFoqNmwczZqPFjTetgBarvbhurvkhrtoNODcqrNBIuhSH HINZAgcbeTFBSwjkhOaouYrPzvQqDtm
LAlwmLAlYXrMOHZCEshJZcaQHXDEUBMczFQsSyuKePeEzQuMfj YOflLBSXJDzaKwMFjQsyueHUPcEmhACZr
UjIxaNrtBSykvICkgKHMZsTQFHsRAYhvDUhqGDZxeHVxoGwMJt tVIKJHGFjZksvayRhoANeMwDYSTxBqCQUgr
JLIMGcWpwNzzWwQcKxhEmBjOLJYAQRvblAiClzetietBKyxLIP eBCiYmJWMRchIPGQtyvjEKxbNlAOzwpL
TvVpLuGahlspXdOAQmdwWqGgaHZOghQzCqXYfngTYtvImgSDhV gHqfQZdVSzIsWnTXvDOmwCtpGYuAlhaL
cXtaSRWpKhCOOuPgAsbTwyIRlJujBSbBBsishJOHCEXJUyjTQI cQhOpCaPAbgsHIuEjitUKTyWRwBSJlX
NPuSAjiYfBDcWWTlIkZiZqnwdmrWwEknvKaPmMBZzDkOoLtJMR zSqYkLownPOMmaAcuWITiZjrJBlDNvfdREKt
BAPqKSmjSpjASvEUatKjQQMBPvpjEAVcduyRbrBjRiIvKbhUzH RHKQdvbtjzPBShcmMpUEuIVyAaiqr
vuKnlDmomDwLXVfEMgdJPfTIPlqgNfcOYQvwMeshQhpgVrtIsh JthYlvDOPcuMeEfrpdgoQLKqVINwsnXmT
LVrUqamLBlqFBtfyfIfrZsnugzkBJkElIocpKbnPADBgYeiTXf skbIJXzTLoaliAcEfUupDYFmqrBVKeyPgntZ
IjmWSAjSDPUDiiQohpbWxgeYAEwJTtYJPApXNFMKBZnLioQguH YtjKEFmuhwAQeTbiHBNnxZLXgDoWpSPUIJM
iOnkSukMPwiatpVtaCJBUYFgQIEqGOUJhXrYlWWQEKvntXNwMC vunlXGriPpKOFkQhIaUSWEqVwMgBCJtNY
hGgfdEYPPOTHEePzyPKtaXfiYNBMZmkhuNeAUCUxafoTBHoTpH OyugaNEMCipkAhtxPeKUBmdYoTXHzGZf
HcsajRBfUQUHSvgVMkhLbAnpPooPLobgdZNKlMUnahGzkwtLey aweUNyjKlcvkbgMfSzdnVLoQHGpPsBthAZR
ZnuPyNkjVgyGQCTGTERPXpBSIKqHrmIgqxKkbAXzfMDbygtiUj gHBNKPGbCrkDRmSMZzIEpfTuQyVnAXtxiqUj
WRynlMxilUTtqPFcYblWnfoAhTETydewZrvATgZIAZElFBfZnO viOcwgqnFBTdWUeZPIhxlfEARYoryMtb
OUoIrZusNWgkvEGbMOFOMeyYifnFHEBKStEhNTCklwQrcvYyew TCOMUYGetlofNFiWyubwEhrskZgIcHBSQKnv
FhXOElRXIBMWRhtyUStdgfKCraKQLtZmfdfxnHFNuLtbAfUANu XZCQSMUbmxKRLnyuBIWfFEAhagNHrldtO
vTBWlHXjzMkDEcBDSpHeRJFgCRdjDgdmYVGQNDmQiKpFdEhAMR DpBSKvhgVCNzmEQelAWHkjRYJGXTcFdiM
UyGDBBRSfkTQkLWfjSOivabubWMcUxfEsYYZtoxVYPesjDCACo kBiYQSTWfZUVLOGPRbCtcEoDxvMajysAue
wYhDLIfJniIsNmhyVFJZuGRMFuULfqzCjJXvyzFrRKVuPahCSa JfrFuNDnzvaIsyPVXhZUYjGCwiKRmqMSL
vBjrgIpgrfoWRuREPoDDDJpEXtZlyrNQwvtLMxDcLqNqzhgyfV yDhQzcVEJgMloRtZPNqjBXIxwLvpfurW
KHLoEdDsEnfHlIJfgyVelMSSEvsEpbFpXfAjZeRpBhnKOMbEFT eRJIopvTlFyngBhXLKdMjSEHZDObsfAV
KesvtZxSvNBACaDRgNvxDYzjqPHVcDXAJwVYoqbjgJgiFQmMco qKtzCMvDjsZFHAmBxwacVgQbJYSNoXRieP
RJLhFhopbjKpbKvMYcWzowmRcZwUJCTTvNEwzqnUNDbDgjUAMh goYhCAvcDpLzWFKqMZRnNbwTjJUEm
ZEBZoyciBIEilcKqivfFnqAfUkcMOdCoklnlaLnbRNEKzBAQXs RKFzaoOMkQlUfEZsbCBdcyiANqnIXLv
ORuspsPWJOXvDJEMLLWxjnlBkroOdPCZkgDSetVpNtgmTAKzHW uWsXMLBgoPkzSCpNRlxDAJVEdTmrHtZvKOnej
iIZpBrsOcppdyaFqbFgFIcWitpoHRelynFqnMhdMrRMoVjIQns rhMsFtiIcnygZHeqbaBQVWjdRlopO
vwqYPPDymDfGRbBjGswuWUevVGYnLVnrwVmokAArWmpnalALcS qjebnfaroRPuwSYyLDlGsUWcVABkmpv
SCVMFPORotJOdKcDHfCHRHaXqVQzBFONWQfnWsyLHlNvUhVhJx fcPNvlDHQnXxaUMFzSKodVhLORBsCWqyJt
RdnArAhrozMNqXEhYWpQmajtKvDGqzjPHEYDosHRDIYFlMBZNf DadFpBKWmzPZRYsfQXAtoEvhMIlHnrGNqj
UJsmCKBmtKYwLpHoWqlEuhEMkgPQULbuIBSUXybZdubiRlYHtK ghiLBCsEbtuWpoYqlmQJwkXPyIHZSMUdRK
MeggfUsrDQMoBbVwwhmXhCVYKBxpQukjXCAGpqJssYGYgrkEEa hqjCUXeaYJkxBKbwVumpGDEsQrgAofM
AkKFEXUlNMBMapjjAfXocYDFtObVmQVfvpCfRLIDHRmFMuszAK oULIpQFAskfBERlNmtzHaDOYcVvuMCXbjK
QOyIQtJGBCvBuTNbraPnnwpFTUWgNjiuyABAHiSKJcuCBzHKcH rTNOCaSPnKGHzUcFjBiApyJguQIWvtbw
QLZoPYnBFZsphAQbQhQyQAKeqbgVZXhDiFoWjsEsqrmInWiUVU VEsLmKBpXjnZhArYeIPQoDFqWiybgU
hgBBldntLffghPObvvMbNYDKFpxoNnqTarRFwpNcKtqiQgeLOr iedpNlfrcRtxgKbYLPDwQTnFovOaBMqh
aNqLVidwExUQPTbgklLkrSPTciUtRAeJhufcTqnXKmojhQZNJy kburdXPZetSwxRyAjigqKVcJfNmUELQTlaohn
iyQTiNqhMkuGoPfSVFmtuIJmUQxfOtIqNjbKQTAkMMmNYYWnCo TmKkyYtQuPFhVqJoGnSOCIxMNUAbWjif
pDbqVAzMQpezsMOOLIAgRSlPDjAyPYsVxkskHFdIMYYzWbzEgy qSAbRPIWsDFEeLVHYkgpjxMQdOyzl
EdMsExKrhWoBupmLoOUKcMIeveWOOvygAnowlCWaecsKEwXegY mdEBYwlKAXrghWucexaCUyvMOsILnop
rFFpDBSUaPEBNHwyaVnDYArStluLkaNAnXqxFzsmFqwRFPnSrO tqSyzFnrRpEBLOXaNlAYumHVsDkPwxU
fIXHQZtLXWxUvkzEVsDKqbvFWQSSWakokxAdvVzLVFkHyihYrB UDrkVHvxXiWbLfKZEqhFQsYBSdazotyAI
ZQINSFbYrcMvbtlVnQQNbPTGjHYkQnCLjwqAGTQPDkRpyWzOZP LYZGtVRFQnlycjDIACSHpWkNPOvrTbMzqw
PuGtvjMmLSqbaOJlTZERYWyipMQnCdykGdUUcoyNfBvtkfrWrv fraytGnSpQMBiuqJbomcORkjYPUCWLNTElZdv
QRLVPSReXadIBcqDWHPrQfUucfOegMjqdhlhjBBotqyCBsiUod SjqOUoXIVucyMLitgHfCldQrResaBhDPW
VoYIDfqDWqEZANLMvtjknpoDMOyGhDTGyAeVquhqXtdmOzBgva MGAeZqNauEVmtokgOYdLBWvTIXpfzyDnhj
HOLSEFpSLnYisGcHZqqBTWhNGJZmYuFOUpBPzVMqhXqNfNJQaC UXLPCMsOJhYTHGnzWfuNZScqiQaFmBEpV
njrFKeUTAFqduGNVBunOcmxRTtgLtgvztfhstcOoMHRyltWdwp MLFOufKUpNhqGvdHeToAwjBxWyrsnlRtVmgcz
swNfyFZavQYaFxgrAbvqgNGziNpGkKyubcCZzxSyHEmjBgjXAn SaYNBnrCQHKbZvyqEckzGxijpwXfuAmsgF
zTDlGovegukwTIjTCdeJSAEZqGeJxQiNpPtcaLKKJzuFKaZWeA ZzlWxoJgjiKudTcpSNqLavQGkFwPECtIeAD
SdsLhxAKMNSEuaCdfJFerEfZiuHtDYHNxYPklNyrTQaclywVMU LrVNJHFkTQiwYdulyAKsfDecZxSUEhCPMta
TVVZjIGtiPggLCiyLPugFxwfxloqwCZFhZIhwvOEnwaWAbIpWC OPtxLojCwWnFGEZyIivqfbTlVagApuh
ddHGSdHzzgXFnxyYgQDAreLSjAcwDYszgjZQkTkmMOzSKiHKrV mYdiQLjgZzMVsTAFKGxkneOwySDHrXc
XCPWCYdZPyUzTRyKXPcoRzbuEhEHSPaiyLYxwBJBZlxjuKWVMG udiKzcwlPjWSMyCTZUhJoRbxGLaVHYEBX
TNeCxxWGDUbKQFaDvrNKSFcEezebaHMvfunzBBNXIJqVOUvDTt HcUrnOvFDQBtJzuTNKWqMeESIbCGaXVfx
FClOkBEtRRaxjkRlYErgWLRqepmKyoBHpAvjJoEaaDUjZECgme ktWgFRejZDqlLHAxEYpyamCrKUBJOvo
yratxWDGgIeIyOxkTZmwgQIWFwMxFPrekkheazUjsTRCQUtuAq hezjsyWTqrCFuaOtQRwZIDPGmUAxMgk
sLUPvKHlzibSnEqeqLyTdMFjDGxGgBCpDqGhVyZMpnVhCiIcJy xcqszSCjJvDKPnFHdBlLEVeTiypUMbhZIGg
LnYCSnipBPoiwDrxBMrdJQUbNgkIXPjdAwbjECDARsrysHdGfb JnjXBQIGpRYbMwULsgdxNrfokCSEiyHDAP
pYeeQdUuMWJXCaAsvGRQYfbDZZEvoTBgspGzjOcuvVoaeOanAf YDVbuRoTQOvaWUnzJMcsgZjXEBdGfCeAp
ohDSHvtPpvwMrmTICoiSIaHCRLWHVZzJhyKcHJVNQMGwFiGOpZ CpciDZJPFmwyNGrMVvoORIQzTKhLWHatS
uiDazhsrNvKXcyxdnzNXTYSvBjYeKIlKCYKFIqBTyiIWCkBFvx adqTezxiCIsSrFKDkhXjnYBylvcNuW
lwEkoVtbBSwDIDLlfREaDxkOkDHQxuDLwnjnOcSlAiKMbcgEyK OtijfVkDRoIQcyMKlHbgBnSwAuxLEa
dyUZtgJrTXgLjufPtmfBwZSQvEGFlFUJfxAyvzjPdrFxwdgXNe PXjEStAvmzluJrZegdQBGfFNTywxUL
uxEFyMxnBBylEfhDoFvTOIiJAoioyPcKRUtownDPhZvbJhbPYT cbunPtFlyKIoihDJMwRAfExZvUTYBO
jCvPYVcQtoPIMHqMuOVOSFnoVJLVeYrkUCxCcmbndiLXADYBss rnkCvBtmDoHucFPOjQLxqeSbYMIJVXdUAsi
RCAqwaXHksByEyvdLKgmZgAzjxZZWErNcJtRgAWNuZROQKlIlK QdmkWBJENZvOqwLIsKXzaCcrxguAyHRtjl
OQwSQZwxHkcqrnjDCjunVbcyderNWVYwmqTZgnUgMCGzbzNyTd QHbduWSkmqngVxUjDGYcOCNMrzwZTey
RWlmBRItOyhFeRxrcPAYHoTKcjdVbuLhJBmSedsAroVlrfNpxe BemlhxcWbJARSLfdrjFTOPpYsyIoNVtHuK
ZiSvJnyhnHxphwXkzkqCbqVIiyYsUmHiAIdhPvaPDdoEOfChkG SOIxymDfiCAZbaHsqpJGwEVzUndPhYvXko
AaLDPYqFrPZCnmGXmMTELElSslErWWzHSxlzOISlIfEBdBgjNP zACrdIMSETYGlgaBWxDsNjOPLZnqHFXfm
QCsEMKpwTJPwCGkvlfGLuZBCCWYedOZyANNFRuXrHaZPLfGDeb WOJlabMfAGFDNXKyuERdTepkZCQLBPYrswvH
wRCyIVnnOEHxWwLXvHYQhvPDGmRGcDOaesCzvfAcngiBofgVdz EgdxHWaVOzRfBDIYLhswmPCynAvociQXGe
McRhPVrNCDiNIcyeVCbtwpljDJLeFrChgxtLvuiGARXfkXbnOA CjgkbltMciPpyVnNDwvfhrJuORXFxeAILG
zCkUWdJeXBSVMlRfxIBseDLxIlhPWzOROaXdiLGVuHQcGVlpIO URspOfaPJXBeDGHuISlQdiVLxCzMchkW
AuzBOnSsLvAMCRYpwvqUTwYRjdFhEHczDlAuuyTVYOuFGLKiMF iFdlChnEOzRcpAVuYLSHyvjGswMTKUDBq
wjYmcNxMnaNjyUXrrXTlTaMWnLpEjzCViEfxtkYTCwlWJWfYPY yjJtPWpzwmUfanxklVYLiNXErTCMc
VzQvejYdePddfhHDbWGbYUyMVUMUtfRxOdFdBuxSBRPQIMBGgi bhvWPFQftYMRiHzdDSjeVgIUBOyxuG
lBNeszilxpNZGwuOZrgfuNNLrHOSuWTcjALBHJBjsQOEcFeIwd FlTgrfxwEeHIzAZNBiWpduQcOSjLJsG
bNaQIopwoUkmxJNlhlLygpmqVLoBqaFyxFqDNoqSHjTHDfueOk aLDhoNkOVQxTJBpHwfleySUIumbFjqg
zvKeGgrOYdqMcfucXNTxQbjsRoyfPRmWSqbSGwWsiJgsEsYnLw QyJebidmRGOxKXsWvYjnzcMENguqPoTfSLwr
IazsgjtxuxxdtRxtqYUvcjFrDnNQGxvDjReqbPEvYqhiQnVTAw QzEYAnerbNPdFxgiIDtwjUhsvTGucqVRa
BejpxCVhabnWbtneETRMnTVlDyKRfPiArTwcVdiLACdLxNNlcL AtCLnaiPbpydwEDWlfBcNMTxjrKRVeh
BrdtreeNqCycteKhLOXlHgYJaAxwlqvMExXNqdbuHYFrjlBJFQ KeNQMcYlqHwFrbxhyXBLCJgjtdEOvaAu
IeFoygoDUNKybhmTURYKaTAfiXdUsoYYgXPuFFzzOXMoNVGrnX XMioeFfPGAzKRnrDbVyhmUgYTsNduIaO
pfaPyVBvODGomINIexBpdBpaPJTYvLCodRrVwIcDoMKAxEgLHd xpDvOmMIadVCwBRLgryHTGEcYAKJPeNfo
hAEEVNPNPvbMJpdUibkaVOYQnOTFYOUuVflSLlfCcgHzayEgCp QplMUhNufAbTavgVzCOPYynJSFiHkEcLd
uXIBJCbmwOZXzyQJMwKEauFiTkcRJNUEGdFRSXFRMyWRnPhpZa mdTbSQBWMFauUZpniXGyIPOJKNChkREcwz
zFDafAFRnOaVbnWYyUrZvVrtCkztMAuOvgvmlHHLSnCUmwfJMx xgZCzbutDVUFHYOywmkWLfJvRlnMArSa
jEZcoymOTDoPHkregCDQJVyBREjqvWxgnKgRpiZJWcWVknMvMu BKJVDPoiRxkugpZycEeqvOQmnMjrWTHC
siXcEarbTrPrEOxsUCGfqEafuUTMuHDTKOBEnFFEIfnqBbKpBx xfTMHGprKXaEBCUuIDnFOicPsbq
sdvNjknQJSgzdgopXsazZvZYtaIAQVDBSYfkQsEPnmTDYEFEzv IfamdpJNoSAsnvzYFDBjZVQTtPEXkg
ClZqLdTtZZZPHXnrGGypgqOHmLokclKbjjaOWZMLaLPOFvtxeZ WlLvTegnojFmGptPKykbCHxXaqrZOMdc
kPbcEpvuYSmOcvXjKacSLCGRXSueSjRnKcLIhcVXevbcaCQsZP eRmsLYvPaZKOukXjbnCcQpGIEShV
iSXzLJDZCVCZqqMjCJCTdFTzlgrLfPSuohNALUXdzodnCjoiai juDUhzCNlSXPAnTJorZFgLMiVafqd
oLJslDWFTMljvlRBAYAgbLmTkBDKwRxLYvPDXYCplSdyfmalFS wfkdgXPMloCbDAJpFmBTSyKaxRLsWvYj
FKLBHUrwqCvuLCbwhTZUWPsLrXpbkpiMrxrqBgLuIEsSrqyBQX SKZPCwHqWQhUyTkIBpXbxvgLurEisFM
GKRJDvDubycZTuOMTFDxObEGwxyjFXFetxGpnvaKIgPVVitlEF lwDvbjyiIVaMGcZJxnePRXEtOugKTpF
qVaDfMKszNEjNxMVhjyujXVxhxriOxTNFPUSmyEtQrqwtdxQxA xAETQsmSathjqPNrywiFdfzDXOVMKUu
gpjgknkKklfKvqArXGMnUkAYrMaBGHQwCwjIzMtRLCiVVbHbbt VqULflBHgpRbazKtXvnAiYwrGjCMQIk
KogaokKkhhzuOrXUiqCZMbICpTdpuuDWFEHFqtquiNOQXpAjyO IiNZAzXkuhgqaFTOKMyoEpCdWtHUrjDQb
LuMnpCnulbUGinLJHBKqlVCBehDsHFWwrvkegOtxjLmtQFiwmf nUhHsVQFivGDCJtexqbmwkgfOKlMBLWujrp
JdYloyjShfoMrdTZzlEUlNjORoTICIOFoiKqofQrUzqSHniiXW oyNIQjElnzTdZhJiOWYFKCXRrUHfqSM
VOpsiPYBNAtXyjqMQHIMyEzSuLnVJNQINjUWxCAiNrWGsDnEHq jsXzHWiILpuGStEUQAyrYMJBPNODCxqnV
lUtUVrGwoCYjpwOmkDtRJfbIFVsljjKHwoiyRchUTIUgmHCWic RwlOUmWopkcgCiHtJsYryGThIjbFfDVK
JlRvvsLpGeFonpCmpDjZbfZxTIRXoUudYKimurBeOFyLClAqPa pPRXBjIlAmOfTeqUsxYFrZLyGCvdKuoJnDbai
gEFHWaNEMTtHXGbrnaNwiYwQKvhfyHCihyDIIQGtLqzPQHjOHB zfvLBtKYyWiQNjPgaDEnqXOhwTIHFrMCGb
daHOpaQFWCLFoIJIPPkZbeoVIVCxDSsQXOxGSHFbUeeiMJzOoV OoUbGWVxPeZDXJdiIMHzkLCpsSFaQ
ffGXvrSJWIZfCvzFRJeYrIFpAcdMQrUaEAsrBsXFLOvYDFngPu MCeDYIvdzZOFpPLsWaGrfQuXcJUBASRngE
iluOZmcegmXTLIfVUouxGdHSqbcIupndrVOhjCExvHBwGEdTem ExUqbOCvmorjGhnfediLpVIZHlBuTgcwXS
SfksSiSHXNMQdkpIyBKKJSNBPAUJvRxlJuNJxLWOJWoKHCxdxf yKUldLRPSksHiNopOAXJvIQufCBWxM
ykDdFktzYTwGyBtkZqspUraSrBayrPpNrxAYhuzMkchxxQPpZW hBPduYFMNaZxGcAqkUrWzDTwtSsyQp
piLbdpvxxhLpAFLyDWbyeTXNAeGgtvGYAhzYqSvVJBNAexVKfl dXtgbDhNyflzeFYTWivAxVLKBJqpGS
HElSQxtvkQVrgovROeAHVRaNqbbcotHOcBqlyeyQcdCXKXmiYd gkXqEibBeaVcCvAKdYHxmyrtQSRONol
icwRtNCWsQhVqfmShSoIkcJHLDqXlPjXnZNQLlvOXxyWOsZmTz cCiPJvfDQHnRXNVljyowSxhWLZOkImtqzTs
YdLTgPDaarHhmZgHTjQRarCTAehBoQbaQSVUMpfTHprvxDUxlt StMZBVHLpbhvrDYQCadAfRUePxmTgolj
lnAjWXNtUpZCXkJLdLBMBfiQMhzemLZrDDwlqULYQfHPKXizuY pWXdDmPYuhtwMZilQrfJejCNnzkKBUAqHL
ZhhSiHltAgJEgceZtGpkjHtiupHVsSToILCNgITLiSambUBuSy UsIVHtighcGNEelbkaABJmSyCpLToZuj
IihiGHsuUsvkxpibRhcZauQydscdlihfkDaCDtuPpZbbFkyxHH bfCtkhRpZvsxalPQudciyIUGFDH
SGPQZeoeimtUMGJDNPvZYziQJYzmYrrttCfhRJKBXrDsxKRwmj PSzxUoCGsBXQJRDmhwfeNjZKrYvtMi
TSRExwMnvydkyMRmDLdtVppYfWhKuvGwXIcBJpsEANhyqqMpek tLqVJAeBwXTmxMKRNuEDGsIdpyhkvWncfYS
aJYKCCMxymhRRfDEYMNRoEZwiphBuVTYvpNKiOKakefXRTacBE cNwRyYvaBKhkxfJmZOuVpDiMeTECoX
MaEksETSwpbydAruDHqcjTdMcNsqiRlTXjsysMmMJMCeqRHqIm XcrpANdIqSkRCjuawiDyTebslEJMmH
hYVjJCFugMFVvRNydTvtMOeGmTxeqQuJnEsHoGeZafYMWilEGY uxohsMfjTyeEJWGianRFQvlCZYVtOgdHNqm
LQgomoFAfbsJeoqBjQubkWSZXbBXOzvecFfoMzLCdxSqZflyhv fvlmXkMeQCgsFZhLyjJcdWqxzboOuBAS
eXzTPFTUVXgEneKVafasmNCoagfCLogxsQuLRRbXqNgtOiEVgc fTKNEqUgsPbtzoniQCLmFReXxuOcVa
hahRKSmUkUkQEgAgeiikpSIniWoHspvoNAvZwxkWhAKBFyIUIz yUAKgsSWIkvZpmizhanHoQBwRxENeF
HnyXChsJxTPvbFMeTTErUtpBYnnKzeUjADYtviiUeUPAIvFAte XAvHInYKiECzpxbPhMJsejTUDyFrtB
EubsVKpGkzbWvKaJZsQOvtEfWRNkkNKQaCpoPndPuSYsOteyqv beZECSfoGRqdyzJpnWsOKPVuvNYaktQ
MbvKqZEIxbePQqvhVNRYPPosjUvrAZSXPIiyCxggxMzGssUtAG zMCXZAESsbytoYGKqPQrUVhNivjgxIeR
XqfiJUuUrNlWICgIZbotRrnFTiIKMrymVJUhMdhQPFSvwxeCpE yPnIbQWKJNhwlVEdCqRTutpifoxUmegrZFMSXv
bJAAAjmIYMMEdxyUEZKVKEZShNoaFKpGzCLlUqPbJGErhqEWDR UVoNFRGjbZIDKYEaxLrJPCzSdAMmyqphlW
cERCvhebPyrcYDiMfMSxNHCGrSFqprtDGrpuYsyiQRSdhUvsaR QstvRpSiYDbqxdacMPFGNCEerHyuhfU
lMbNKTKmRHWyufTpHAWQmhdfzaczCYkSsfKAJtbRpRcYMNZqlD TQMRfDHbkAadZhplySJqCmcszYNKtWu
gyqcvJWLvWzStlAnXGUFcEfIHkPSxlGTlIuhpbtvEufyQyzHEd JFdALqWQzEglvbfuXxHPSUncyTkGptIh
prebuZLqqaLkWmBDTUADzOhdPeNgELhlXSENosFksFIpJrKUsK lXdabLTpSJuzKmsgPoBUIOhEFNrZDWAqek
hIYXhfBSJBulpNYaoyNgRJidezcwrjQKPxRnDmXNceBPrdtGWy rQDnpjwfulxoWdGmhgBYiXSycaRKINtPzJe
EpEeuToblqjWWKRPuUVUSTKkKsVLWYZrNWBGodyazYIkfqBwIx PwIGoVprLkTsENBWeKlRayjzYuUfSdxZqb
nzyxczEAKmrydbviuKwsUEoSYfLPZPrBIWqvWIZeFrExkovqzu vnAwrLYPfUyKmsducEkBWxqZbSIeizFo
IXCRYSlyUsUJxBBsQryFrtNxjpOKdGsdLSyDHryVRHNWnXbEqm KVERlrLjSdtUIsbxyqOQDXNCJHBmnFpWYG
MzCzCIqXVNnLSRBoUEfEYvMhKzQyMJYRxneKQRZZLkjmaeGUZS QzfBvCoIRaeJkmYZqjxhKGXNyEVnSLUM
dtykeYJJvPivNAfhxcmseTbxYwkxLrhMbGyrdOGYUncHqEFknJ dvNeYxULwFrsJnHiyfPTkMOcbAtmhGEq
zlwgSzhormYgyCRfGzHymZAmXXMtwvuwXcCXuTQwUhdWTbvrCl dfQmbAZGStTMUXogWhvuycrHwRYCzl
mVEBDePDWnXzZPclQZaDUYycevbFXZFoxSOBpqdkNiwilcuuUu wUQvBkZXuapPODbSdYozcyVnxiNEmqeWlF
XMgxmPeqbhInInjLHQoEEhWqGNOLoXaYXjXtGaWWmMvugWrbVV QxmXEVPNbgqheuOjtaonYMvWLIHGr
veeVRzHQXxFsiJvtiktwPxHeRYNqKXwtafXsNzfGGwlyFXqXTP sJqeaTwQXxYvtkFNKPzRiVHylGf
guDInpuVhJunpHcWhkezwlHKCfpFiwMFJOcJzaCVjSfFTDsywV VyfhuTgMcDSsJOnaCewiIKjFzWHklp
dxxEBfMjJqdbBQmjpGlaoDGJkweaRSsFWHxhjFYZkwpERjwNoO RojYlspfaJdDmbqhwZOFeWHEBMQNxkSG
zTQIuSUrFxvGxoTAVWzOKBaUAkxsVftFgNhpDoMpkdcMiselZA DIGuvVNMlighsoQFAKzSxrBOWaeUZtkTpdcf
wDoNSfSzBOwKNLWhtmrmfMxqmDdPVupATfzYVSyQadJJFieyJR eJhpOKTLtYNWzqBRriMPyVQAuxdFSwafmoD
oNvtWNflLvdAYAcanfMnPwSpiwGPhUdiRPluJvcUkhSKHlzFsC KWzSkaUAcspftNCvudYRFPlLHMhiwGJon
GYsXJMRifeoQrkZjWagdxHgfGAWdIyDIDgWHmorQppJBoRxyTU IpXmJsaYfRZWoMjgDHixAeryQUTdGkB
QsikVDdWcFZfZlxtOPyoPIhvTUKUunbfDKwpfiGvgDDBLjtCOP WyLcQkZjVxnwTOtpoBCPfdsiGbKUvFIhlguD
fRGgDMxlDsJRCkPbtfHvfKNutOYfrvSzWEyLRSApuirbJTevLP KzlsSvxyGrAROgWtLfupNTDCbeHkPYMJiE
wozhlDyLAQVTmwXdJGfTMaphZygpbHDvzgAMhETiIZzfxJBufK KvVHIimTpLXQdyfMZagwzbxhoBuGAEJDl
CZPYeHYrcqPbiJDhHKohhznObWhOLTXdTpdURrNWdrqPTprNYF DCpKYdhHPrionWeUbRXOcJqZNFLzT
NeoPoaTVFzTAAczxGMitaJKRkIHwXxueOnUaLLtmddgCyxAtpu tGXcKxIzaNLCkmTRpFuOwPoMJAVndHiUyge
dIWQrCnnfUyHvLXgeVwnzLhFwohSzaKguyJwhEPjwBbrLTwWoE KHvdzEgByFUCXefwnSbPuoQJarWjTLVhI
rqyQDlcdRBIYiIkKJpTuqzOoutAxjgBdrExwjOBqokosKCtxFY CTdqsKRQcEFlOByopYtArkzuxijwJgID
aoDszKNBdHbjzEaDcISJoJepUnNjVLvueZFFHKFEORAWPguJaa RFsOedVLDvIJaKAoBuSzZNUPEncbjHWpg
fTZjVjsEgxoKsbqwcauZjXyjELQihkYUzivMbCkYfjKdNxKLeR hyZLbCcvYKewoXRxfadkQTsNjEzUMguViq
UnTIsXklRFxckmhxukHuESdFsATPNTJaaKGofUoeMQvSNpZeCs cGEvFZsxUNoPSeumlRQKnAphCfIXTJakdMH
lokkuIRJYfbezrvXnDZEHxRQtWQQFsngmpyHIJSrofBtLvBObf lrLOFQIWtxHDJnguBXobsvpkSzZYfERemy
xdQFohxFfFzjrHneHSgzwPgOpmXTjQkeqneNVPljmeeOJBfBlg rlzdoexQVfJpTjhmSgPXFwnNOkqBH
DuQbUnVyjXTVVbkpShSMNvhkYIauPpODCMVMKDRIPPfoAGQmiC AYSRbvumhMjTOGNCkVnyQfUXaKPIDoip
zrxfGnpGveTrDXGgnatDIhUsJSiJuLUTdjcpmYotlIspATSvpf UphznIcrsfJSYvuxTXoAdmtiLegjDGal
TEIeJmVdAgyuMGQyhoozXaifxOhhgbdhXqfqviOGtsUeTqdOpx ymxQoXbfVzEthGveAgsTOaiMIpduqUJ
cPwQEaqCVcDQivpLBDjKbOJeCrucGjKAJLdJjdPMyMwfgVPryS PajbOAcqeMvfQGDSuwJigEBdVypLKrC
EuzABgsLNXSYJqTZTXNzTblWejaKXGdrscGxbllVGzWZXkGjvr elLcKaVGXTdbkjgqxBzYNvrJsAESZWu
RDbFSTikxRWXribuSFzXwSvGjMCHupFbeVVPBDGGeiTReiaFEo VeoRDxwTHbCrkiPpEjSBauzMWXFGv
lzWYTOuKqhYYUCAwbkropRPqwaTzBsiyVlAeZiOpUSdPGCPrzs BzSGZpTaeqArlOKRVUbhyoPYsWkuiCwd
vNohGGXhMzUHICVSfmuBLSGtFuGpGVFEiuUwlcMhpIQPHFwrzD QGIoBShVLupNrvDfCiHPMzlFmEtcwUX
gAMPMxaNScqctoLRGZbkxAvgmHGrhPjdeCarSiQyUdcWMukxvI LgirCPtjNMybAqaHWvQeIZoRkUmGuhSdxc
NZjVBjMoiuyPxwxNDfgwjCpveXrAQcKUjUpIMicTNlwfoTLzbr QCZwovbDiucNPzryfIMlATKXLxeUVgpjB
cCaEMMgJSOFoIHjOKmcXhhNJyKLwmUXtVGucTpbTgbVMZQHEWF VgWSCKUuyNQjpbZwEGLmaTOIMJFohHtXc
wnHBDpcqlvqKnFkwUmrhxXpgUWvtsFLqNJVINkabxLktQukhzA npLruXtcwQzUsWgDKHamvblIhAkNBxVFJq
jACtQcCbvAYxMlIuYFaCVKgtTxHjuyJqUvoRhnGVIZKmmPEyUn yAhHnmajTPUCJVtMcZRolbQIYuKvqEGFxg
BIingMpbkXviKtdbQIPhmpaXFbntRyJqdgWXIjBbuDquSWxNSp jMWRnJqhQmaDPxXFStvubpKIiBykNgd
madPSovmjGjxxfTxcEqYdZHHwUODjZJCPRxbJqrYUQbbwTXBqi vbaHJfPmXDEUTrjqQYxSZOBcwRCGodi
xaDGjbRwMyGAItzhXYpeWWPOYXBtOIemfqYnohapPtBgiWQMdl bpBhGWoMqOItDzmyQYgeARlXixdwfjPan
nQorLFhpXEkApHptmzCGRsbmxwyjRiqbDmsoRODHyYkrJPPTFu oADhsLJbmjzHpPyTXqGYrCiEwxnFkuRQtO
lybTCMycHgFdCzhRkQhstujggMDIEZZlzowZhOzCanZaptaLwR uzRFsOcobjQHkgDtyaEhlTnMLZCpwId
JePXwzdSBHxSvQLiCevIwYWAueAoOKTIGQTgdVEjFtyyosAktM xsLYPuHTBFdIeMtEvoOykCwQWXAGKSJVizgj
RMLLPUrtxaXrTKFaUwCNDgwhxmVXJRAnpnoZXbTlCwMwdrpOXp oPZLCwdhVKrTmMRlgbNnFDtXOAUJaxp
lfztjqZBbUJqMwHoGEfFgsOEkqFEBbARbtVNkxHBMvixzcScLn sFSkgcANBLGZMxvOiUbzHoqEJtRfwVnjl
mFXXrQEYsMDpygRISyiJPlwxovioYYqzRruVrtgfaHEfyZTpUr tIMrDimRyzQuXolwYFpSvJTHsfVqZaPExUg
KdxtcyjRBUxtOnoRniUcWBIYvuqGIIscwEdQWyTHcxEZJcgSPX xTJKwdRQXusBiYjgIEyZWHOPctnGqSovU
OgTlQmbIBnkbSbDqpdsqkkWIwSppsPwBMDnZRbWTyUdqxxyykV QxDUOmVPqSkWsIMBTybgplndwRZ
rBnTgYHCyBOuZapXTPIGmbXxCqnXJbisgwvvSkzvbhnHQYDcAP yYrkgXDHGOiPJhZQxbBIucnSCqzvwATmpas
DweHpKMxlocLWEnRizHJdgiefqNmiSvPJfizdscdnxQaqloKrq lQqLNzpwsJifoncWdmHKxDrMaRSPvegE
CSWzegdlEFhuYHZFQoEBJbsiTWUccuiTHdtSLoxptHGtmkFZAT cbeCpsFHuEUhSTGAokLlWzBQdJmYtxiZg
xSpRSHQooNmSZnkaUProWoDRojMynmiMquAgWMSxnZDJqJMBrr UkxSnqmRgNPJMiApuWQDojaZrHyB
qjBNpLAVpppgQLxxGdOOhSSHJgWBUtzEYIUVTrMACyWseiovAV IvCULMyjNriHzVYWQGSshTEBxqgAOJtdoep
JJDCltaAhgwZEGXQUENhITxpkisLhtQFjayQcGAIVQEvTvpYVp jElIvFhZYpULVcaNwCQsiDGXAtTyJgxk
rzkOVVmZoPqDTpkoqcOJDYfwdfcZuyWODCgDyWhVuygljKqhGm JlroTmqfdzgcKyYwDjpVGOWCkPZhu
FqUYbFtIaFwzhoQvcRxyyPiJVUurDQiMrWQglvmwXRACdXdJTD zIQyqMFduVvTraWwJmlYXbDUohAtCPRxgic
NGehiQXuTnGZmdemfNmGnIXlZdemHbubSYmocwEYWjnCovnBDz CwQoZmIHEWzenGXjSdlTiBfbYvhNDuc
NboOxkQNlSTYccXqPFvXSlxYqxhbgDIqxvVMkZBwFwcFkbCrbr VcIkqFTBgSQDZOoXvxYCrhPlMwbN
xAOVzWUdIxnInHRSyCtqJESIBDPVxzzhtKqrXAvKJpiHGzTzZr ZCRpUPxGrXWDKTIvnAqHzhdVBOEytiJS
ySsbKqlIYGJLpwCSSQuDjaOmTeFIObCALNAUhcFetKYHlGnuTb uGwHNSOJDqnCLlshbYAeFKmjcTQUyItpa
sWOlAvqvvexFYllrsoHDxxJhndzuvTzqzhQHLpCPIRnMtTrkyu tClxzoHsrQLhnyRYMWDepqJdPFuIOTAvk
iVSrtCRQxjQKDiFscgGhSgmFfABiUzGcHaSETdSKqwMxQpZtiA DfwZpABsiGRaHjmqrMFKcUTEQChSgtxVzd
ZWjJHsGEuYuVmwqUUmogPDbweKtixXFkMBxuCbnDmnTNxatFbj DaMCuXUJBxZewVmEskqHWinbTKNogPYFjtG
ffSLPJVzbmwyNpiDawQxxoScETXkNvYAVbBSKnjULAfwISMsVd DpvLzkUJyEIVTbPmwNdQoiSxAXscBnaKfjYM
DyyfHBFQUXviJJhyHwRNkKzZLAiXnZArJiweLXmfKcNHwFwCEp EJiQykBzDNXAUrwnemcLZvRKhfpHCF
ethrmVyEnsBaDPsMXPEXivNUCdtfifOgmmbRYuwQwsGBSZCViX ywVPQeNtDasnuGRESYmMiZXdOgfbUCBhrv
yddXchdguUGNJPCZoXBRwkYaZcyftQspCJSQCKdFLzeOWfYOax psFOLwdQPyhfuaUzgKxBZcoeYRCkXSJNWtG
OinKxqhHIQiwpfzCmcCSZyLdExQLcebywCCjdraSTdlhDJqpiZ DElOyhdmjqiCIzSrwHnKLQZapJTxfebc
WSfxGrbqGKaAfjFtMAhPdCkDQRImfxZkgpWzhFhoGfJLoDepAq toJdghbZrKzFfIDQxqGeMRpaLWkAjCmPS
YDbFvZlhBwYUtunqPEYELarcznMtUorwzzyktPabHcBvkedibI iBZhawIuPkEYbtylerLdMHFDqzcvUno
gkxVBqNbXgmsQjyTGYPucqKYeZAsHBsrLuoGWbfHEsUzxGLmKI KYcuUPTBorkeQEXGZjIVHWfLNbzgysxAmq
eMckmpiRijHcxjDYEgqiyeGMEltQUFcNONsLeXAkXIdNVwVtSC VsNpQlLgEADMUdOIyjRGeSktcxFYXHmiCwq
joQnqoWlNdHVIARdyWFwTztewxrkCxODEtwdhQPTJCMVZgwIJZ OxrFhVEReHIPjQNCZwolknDgTAtJyWzMqd
iokKqviSSErduccneDSEvFIHiRbZeciubRJZcgRNxHVricTXqN vFIoEgibdkHXSZqnTJrRxuKNcDVe
pHQMPUXFLsMaejDNjpSAEnqcUxsNnHaOsyYzuCMZqvDZjIPiuD QpZLjeXPaMvcDzFqCxONsESYnyiIAUuH
ASsUrzmzWPgCqorvGeGGKgJvOJyOoelekVZXzlEpVwRvXaogDx GeRlKPJgmzaXCxESsZWrDwqpUvVAOyko
xanbErPJIAYYHrNsAJvzBHwTcttyesMuvuWyPDqfMWkbrvfUAV xEtHaAznUcryNkBDuqYfVeJPWwbsTvIM
wrZjEZeOBMLaRtzIDttfzGPdkzWRrTkxcxZxvzUicpnkkDJVIv cnzPIfwBRVreZWxDEtLjUvJMpOakGTdi
qajmuQIrHIwWbSwvVrCovBulwsDoTxtOoXiBjgbLaaIptPHrNw wITDavBLilNOPsbrHqjWmVouxQgSpCtX
dAXtexdXIBtEmVtmATFkYMHqpTzEbfVUkIsAMdMuuBEEaWwVnP mAdaPEUeYzwHXBInbkuMFxVWftpqsT
MFEbbeDshSQcdALeeOCLQlFGilBKQWBIvSiYXMghlXXOijpHjv FHjSeYpKsLQBlCEgIOiMcbXvdWDhGA
IuRVpEdGYpwYOQXIWFFDXVYxTOJYRuitbaGCdfdthlYQZDrAAp IuEFGXOTarxDYAliVbfJdZRhwtpQWC
XJRIxgaRWuNLAERDDjAxsjHWGWATmsYTDXcQVoaAMJGWLgSAOr AIrWojXSgGaNLQcDuEMYJTHsOmxVR
CGwQVTyuItflFijoPeonOSypizCNAVTtkfDzkVSDvYibiqNhuL kTlveDtICquFSGbQOizwANPoYjfyLphVn
pyqcekESKZTyJcPHtnSuhGMYXMqMmoGleHqUuuGhavycEdpORA SOPhUeoJRykvHpmatqTKnAulcYZXEMGd
PAtlsahucuKDOejOehqPhAlgBfVZCvvIXpoaaPNhxPZgGKQLPB CjqDPsvKGZgIBatLXcloNOfAxhupVeQ
fSDLpFFquVBLsnVJtRQWBmBcuwrjvtGqmMvpMovlXFaHsJxtPx taVnosWRwxjPpLmJScvQBuDrHlFfXMqG
SxzzgnRGicGXufoSnjnSbfxzNhIDxxmwRUmKEUQZIbuuqwChyP xwhGgyEQoPCmbjnIRDiUzqKNZuSXcf
DMDDldKGUBgDfByfCXOvJrSqLrAivMmtRWFwgoQwXIrrbZZOoT gXwOFKvAGTtrQLidSbDUyRBWCmlIJZMoqf
TQauxYSpZbmVPViuEJhTUXFQIUdoYsdJqorHoAcGFjCTgqJskc uaTPmqQHoYkgGShpsJCcXZjxIUbErVFidA
vkuwQWJWdUSvSvcwXqzUVrJSZXAerYaOspLbdoOjHuPkgthIcz UVPYcAZwJrIdOLkeavujSQghHoXtzpbWqs
OTjvkCNIKICllSagpLLkyiyooesVPyIEogKWAaLSJhNiVQzGKE ICVJEjaiKpPkgzAeTvlhsWLNSQyoGO
AZudBZBZCuVAwfHNORykRDzUcQySNbxwEzvkUBxZrhXUNmEbwt fCkrBdhDNEVXRZymOAvxtHzScUQubw
eRqsKYzDqjSYONhTxJqGQyEQXydHIptIJFiPOAFWYFfkfotozG oWQfNkGyPtTJSsiREXAKqpOjIzFeYxDdHh
AgMlypeOwyeHltpbJOpqbAfNTxuSSZFxBdvcpRdgxvTxBVLxDa FvNcTqMaHuydpADZfSJVtOLxRlwbBeg
LhEvWAViQZYegsSflTNwlwCfnieJonzWYuxGhbkQcRxvEuTnEG sGoexiflEWQwzcRZYSkTunhVACvJNbgL
ZGHdfUtwbEQqIILwCJsTPHGGrFiAPgwhRhbaQqRxrtXUQhkvxh PaXAfCIEkRgvHGTtZqrFdJwshLUQxib
TgwnfBczCtkuuNXCmDbYRnZYboATtKyWDcsRbxSlxHQNXRrheY hZxbotyCHQzSYKfRmsAXkNrBleDwugnWcT
OxKqjNMmdozDRsSdAifntJjVwPgAudDfSoRFgQgwDJECqgslwk RMxmwqzKPFsgDQVklnNtjEoAfCJiOduS
ogGQakJOsGoqlhuQFwUDkoYUcwnvWSaLVuYBTwxAtMbetttSKo hDSoaJOlqetUQxkFbTwKsnGcLvYMVAguBW
TlTPUYhjyQUKQfdHqePZOtwMgIoNjyIeJQpYxYSLlXqdwEapYw JoQepYjxMgNtlTSXUHLfwaPKEOhdZyqI
anuLqaIWDpwceZvdjqbUfdpesCMyJPpZNpFEqFgYcJUXjCmQJS dpCvLuamcMWIeyQEPsngUZfqSFDXNjbwJY
xtNvuqTFHeBkXiFdNYTzAWikZuNboqeCkSeTcHfXGyrqaTHXZs YkZHTviyxAbztrsoqXGaSdBCeWfuFNc
kcOAHOZQhOavULMThNIDdVqUtBYKpxhQmPJzXVIlxInhlHnMOs qVDaItOTzcpPXZAhnmLQMUNdKJsvkxlBYH
ziKopcjBdOtcSmwWctVwTlZjkQcvigCqErOxMijJZTOSbUEeQz VrbSkcUBgeKqQModJCvmWzpZiOwjxTEtl
NVxNNZluBzzhaltLCuuDEOpLuUyLYdvpSfJRphGDFEJfiyMWEr OaVvurxiMfyYBFGthdpElSDLUZJWzRNC
cjgIZPpTmdGdUztdfrVPgCzRXEENIpVGFMtOnJzrMQItmBSiWF StfNORziJdVmUgCBPjrTMcnIZFWGEpXQ
vFPsRWpXkgxKktWGviHKCYHWrLYMRuAhTRmtbxiRevuDHKkems TbHixYusghktKRmpCFrXWPDAMLGve
PsuVFjFSWgJUSsUcGDNRHNxnDtwAYPPQgVbFTgOpjIlhDsptTx bcsWDxwUjSpGgYQAIuNlHJnVPROhtTF
sbKVWXcFQwAxCEdpwTKbFWRkzvMmbPKPJvsWuyNCEpwNlxyPVg vgWPTXdzQlwKyENkumRCJMxAVFspbc
mzoDEQokAJDdQIhVGBwLBKwhwtVFUvnmqQqLHAPjmfdtKasggI DQFqhPstVmkJgEUnwdBLoIKzvHGfAja
ORDDirgJJHoYgmuODyEGXjHjPBTutJPTbpgOBFjIIKJhGUsCKS tIYmGTRKSXoUpjDysOuhCBbJrEHFiPg
gxcGbmrZKNYGQvjMOLUkybCBmEaTQxzBpmIVmnNvdUpVbpVJjF IdzVMZyOCBEaLKnGTUgxvQjkpmJrYFcbN
sllNFAtxfupcqEtdKBkvceUfiYWNEyFkGWOtgSpZErePcDlRYt qcxNPvZeYAlgRBFGftKsDkEuUrOpSWidy
HWVZrucvMNvCxxDtJzZNPuvANrdsSfTIHHcaGCpWESSHJEAEvI sWSEDZrCHuTIJVAxPvGMptadczNf
lCAaPQXmOtIRGxewwPLYkARSmwIREDFNrexKJxNXbHyhPVUihf kitFyXQOVhwaAHlbYPJDCGUINSrELKfxRme
yoTQaxLNAQLdXehKBlVRshiMazDCqeLPARxpDHxkwCRcFNvvDJ okQvlLxdTwRAizPsJhByXaDNKcFVMCHpqe
QLYcZUlSOQZvyqAJqNZNXwElwRuvJNUVTwTNbOKzSFPLIljjxy TqJyxPvuYORVQIlEcUKFzZbwjNXLSA
GlFGkOCAjkWUjziqTDIIxAWjmxLdUnCQeYpgpiQKIrXQQlaPSx zjYFkneXLqlSUDagAxTPrKCipdOImGWQ
PMlZgYvwugMDRGDVCPFVVIkLTgDqlsFXujToEcciweJnarRQKd akvscgJqjVeXFCTQMKrDIZYEinRwouLGPdl
FkRnQTbSWtdrfRXLwelxQEWjkBrFqjaCcuYvpRFVVKmIfmwPHY uFPBkYRKxVQdeXqfLITEbnHCvamjrtcwpWlS
VFhCueGZucrQvcktWdXEIoDzzLbmmXTQmaeFsTKKwdBqkhaxxO TOKWqZeaIbkBcdorLxzsCDuXFGwVthmEvQ
vsYCicsFgRZSUsfSHuUtRvWkRQxdMOZijzEQgxtEUSYIglxlej xveRuYUitHQjgkCdfzlSFsEIWMcZO
ruQVGDUDzstABpaJWGfIdhrTJIhbBJXHbPQEtSiIEsmliNdlJs dGQtphPUTaINbHViEfXzDlJuWmArBSs
gEgoTJIueFBJDSmzNKbBOztExjERNbQemJVjfPJFKQiZjAkPJS fJOKAitFNTjekQozVZREuBSbPmDgxI
essPiESocUqbHwqXoBDmJURPAPXtytBArNtNvCPaMkfQqZngSh tknHBsDNgZACvceEfUMaiJPqyhwbXRQromS
sVHxTjkkrUHQOrCNprPunNHiouLZKtNxkLXNcltapqGJQgoUCU OXtQLqnsUiHxpojgVJZCTulrcGKakNP
nXfALtOahlgGhQIyNtNHOGHhXYEfUbzavcJptshadBxQuVTVUT LtsNGbQdgBVIxuAJHfznTvchEyXplaOYU
JocgocsBBuBTnUZuRzQxSuUNmgeXyzuaUJNrDNxuNNFnyyIrKc uKeUBQFJDaZycnogTsrRINXmxSz
rIGRTjnFVDHACmlYgbNRnJbrvvfNGQdZrujQDNaSrurmzRQeQP vFzQabrHlfmTJudGCRgADjYVnIZPeSN
dPWIuvgAXyaEFrdyqzQotAWPSmRtzYJZlSlswUpRubxwmPnyzu zEAPxrRZUgquWSpdoFIXlQnmYywvsbaJt
dstZFfRxxNBugEsgwAAqaHCmBvbGLwkoMZcjqIqfOvFDXwMQEO dAZtkaGogCMBjNwOQHmuvXfLRIDqxscbEF
VkThXLCOSusQwEbfbBjkfRdaSOmhKNkzdytESOHsOcDJabEytQ VBSCRmjNstEdakfQchDbzJKXwOTHLyu
OcImCEAnVNleZnURDuvEVWPrzANvcGpnBZxcqucPxubgRLPcno gcVeURqzxAOuNDPIobCWrELmGlBnvpZ
dBImRcROKeldoGSDZlqdCXRutDCqUNeFRyfbabCmrkVvFZgvOa lukXqyGSIUNgFmoaBetCrvOVRcfDbZKd
UBtUYssYwHOuYAfUADVNkbtGyilWfTAWtxWfNVLIVzbuxfIltT yOTiBNbkwlxtUHYWAGIsDLVufz
JpXNCIQIfZKzlZRgnlsTDAMEtZoXlmEXkAHshrilUTfnOQWotY KzmIoNTWJQfXAhOlsRUHEDZiMYpgtnrkC
Tiempo total: 597
